2023-03-26 07:12:01 +0000  Initial pipeline context: <IDEDistributionProcessingPipelineContext: 0x7fd47421add0; archive(resolved)="<IDEArchive: 0x6000460afae0>", distributionTask(resolved)="2", distributionDestination(resolved)="1", distributionMethod(resolved)="<IDEDistributionMethodDevelopmentSigned: 0x60005c6dd2e0>", team(resolved)="<IDEProvisioningDisambiguatableBasicTeam: 0x600005de9440; teamID='7YWVGV44MR', teamName='Dayea Yoon', teamType='Individual', username='daye.elin.yoon@gmail.com', isFreeProvisioningTeam='0'>">
	Chain (14, self inclusive):
	<IDEDistributionProcessingPipelineContext: 0x7fd47421add0; archive = "<IDEArchive: 0x6000460afae0>", distributionMethod="<IDEDistributionMethodDevelopmentSigned: 0x60005c6dd2e0>", team="<IDEProvisioningDisambiguatableBasicTeam: 0x600005de9440; teamID='7YWVGV44MR', teamName='Dayea Yoon', teamType='Individual', username='daye.elin.yoon@gmail.com', isFreeProvisioningTeam='0'>">
	<IDEDistributionProcessingPipelineContext: 0x7fd47099a6f0; archive = "<IDEArchive: 0x6000460afae0>", distributionMethod="<IDEDistributionMethodDevelopmentSigned: 0x60005c6dd2e0>", team="<IDEProvisioningDisambiguatableBasicTeam: 0x600005de9440; teamID='7YWVGV44MR', teamName='Dayea Yoon', teamType='Individual', username='daye.elin.yoon@gmail.com', isFreeProvisioningTeam='0'>">
	<IDEDistributionContext: 0x7fd463ad2900; archive = "<IDEArchive: 0x6000460afae0>", distributionMethod="<IDEDistributionMethodDevelopmentSigned: 0x60005c6dd2e0>", team="<IDEProvisioningDisambiguatableBasicTeam: 0x600005de9440; teamID='7YWVGV44MR', teamName='Dayea Yoon', teamType='Individual', username='daye.elin.yoon@gmail.com', isFreeProvisioningTeam='0'>">
	<IDEDistributionContext: 0x7fd4715a5be0; archive = "<IDEArchive: 0x6000460afae0>", distributionMethod="<IDEDistributionMethodDevelopmentSigned: 0x60005c6dd2e0>", team="<IDEProvisioningDisambiguatableBasicTeam: 0x600005de9440; teamID='7YWVGV44MR', teamName='Dayea Yoon', teamType='Individual', username='daye.elin.yoon@gmail.com', isFreeProvisioningTeam='0'>">
	<IDEDistributionContext: 0x7fd4703dc540; archive = "<IDEArchive: 0x6000460afae0>", distributionMethod="<IDEDistributionMethodDevelopmentSigned: 0x60005c6dd2e0>", team="<IDEProvisioningDisambiguatableBasicTeam: 0x600005de9440; teamID='7YWVGV44MR', teamName='Dayea Yoon', teamType='Individual', username='daye.elin.yoon@gmail.com', isFreeProvisioningTeam='0'>">
	<IDEDistributionContext: 0x7fd4620dcd50; archive = "<IDEArchive: 0x6000460afae0>", distributionMethod="<IDEDistributionMethodDevelopmentSigned: 0x60005c6dd2e0>", team="<IDEProvisioningDisambiguatableBasicTeam: 0x600005de9440; teamID='7YWVGV44MR', teamName='Dayea Yoon', teamType='Individual', username='daye.elin.yoon@gmail.com', isFreeProvisioningTeam='0'>">
	<IDEDistributionContext: 0x7fd47152a320; archive = "<IDEArchive: 0x6000460afae0>", distributionMethod="<IDEDistributionMethodDevelopmentSigned: 0x60005c6dd2e0>", team="<IDEProvisioningDisambiguatableBasicTeam: 0x600005de9440; teamID='7YWVGV44MR', teamName='Dayea Yoon', teamType='Individual', username='daye.elin.yoon@gmail.com', isFreeProvisioningTeam='0'>">
	<IDEDistributionContext: 0x7fd4715a96a0; archive = "<IDEArchive: 0x6000460afae0>", distributionMethod="<IDEDistributionMethodDevelopmentSigned: 0x60005c6dd2e0>", team="<IDEProvisioningDisambiguatableBasicTeam: 0x600005de9440; teamID='7YWVGV44MR', teamName='Dayea Yoon', teamType='Individual', username='daye.elin.yoon@gmail.com', isFreeProvisioningTeam='0'>">
	<IDEDistributionContext: 0x7fd47092f230; archive = "<IDEArchive: 0x6000460afae0>", distributionMethod="<IDEDistributionMethodDevelopmentSigned: 0x60005c6dd2e0>", team="<IDEProvisioningDisambiguatableBasicTeam: 0x600005de9440; teamID='7YWVGV44MR', teamName='Dayea Yoon', teamType='Individual', username='daye.elin.yoon@gmail.com', isFreeProvisioningTeam='0'>">
	<IDEDistributionContext: 0x7fd465da53e0; archive = "<IDEArchive: 0x6000460afae0>", distributionMethod="<IDEDistributionMethodDevelopmentSigned: 0x60005c6dd2e0>", team="(null)">
	<IDEDistributionContext: 0x7fd495962220; archive = "<IDEArchive: 0x6000460afae0>", distributionMethod="<IDEDistributionMethodDevelopmentSigned: 0x60005c6dd2e0>", team="(null)">
	<IDEDistributionContext: 0x7fd4b44f1210; archive = "<IDEArchive: 0x6000460afae0>", distributionMethod="<IDEDistributionMethodDevelopmentSigned: 0x60005c6dd2e0>", team="(null)">
	<IDEDistributionContext: 0x7fd49598b980; archive = "<IDEArchive: 0x6000460afae0>", distributionMethod="<IDEDistributionMethodDevelopmentSigned: 0x60005c6dd2e0>", team="(null)">
	<IDEDistributionContext: 0x7fd4b44d4700; archive = "<IDEArchive: 0x6000460afae0>", distributionMethod="(null)", team="(null)">
</IDEDistributionProcessingPipelineContext: 0x7fd47421add0>
2023-03-26 07:12:01 +0000  Processing step: IDEDistributionCreateDestRootStep
2023-03-26 07:12:01 +0000  Processing step: IDEDistributionCopyItemStep
2023-03-26 07:12:01 +0000  Running /usr/bin/ditto '-V' '/Users/daye/Library/Developer/Xcode/Archives/2023-03-26/KnockKnock-iOS 2023-03-26 16.11.xcarchive/Products/Applications/KnockKnock-iOS.app' '/var/folders/f9/43m6gqpn5036x22077wf3d3h0000gn/T/XcodeDistPipeline.~~~CLpz9J/Root/Payload/KnockKnock-iOS.app'
2023-03-26 07:12:01 +0000  >>> Copying /Users/daye/Library/Developer/Xcode/Archives/2023-03-26/KnockKnock-iOS 2023-03-26 16.11.xcarchive/Products/Applications/KnockKnock-iOS.app 
2023-03-26 07:12:01 +0000  copying file ./_CodeSignature/CodeResources ... 
2023-03-26 07:12:01 +0000  22071 bytes for ./_CodeSignature/CodeResources
2023-03-26 07:12:01 +0000  copying file ./districts.json ... 
2023-03-26 07:12:01 +0000  3572 bytes for ./districts.json
2023-03-26 07:12:01 +0000  copying file ./.swiftlint.yml ... 
2023-03-26 07:12:01 +0000  418 bytes for ./.swiftlint.yml
copying file ./AppIcon60x60@2x.png ... 
2023-03-26 07:12:01 +0000  5918 bytes for ./AppIcon60x60@2x.png
2023-03-26 07:12:01 +0000  copying file ./GoogleService-Info.plist ... 
2023-03-26 07:12:01 +0000  671 bytes for ./GoogleService-Info.plist
2023-03-26 07:12:01 +0000  copying file ./Base.lproj/LaunchScreen.storyboardc/01J-lp-oVM-view-Ze5-6b-2t3.nib ... 
2023-03-26 07:12:01 +0000  1644 bytes for ./Base.lproj/LaunchScreen.storyboardc/01J-lp-oVM-view-Ze5-6b-2t3.nib
2023-03-26 07:12:01 +0000  copying file ./Base.lproj/LaunchScreen.storyboardc/UIViewController-01J-lp-oVM.nib ... 
2023-03-26 07:12:01 +0000  896 bytes for ./Base.lproj/LaunchScreen.storyboardc/UIViewController-01J-lp-oVM.nib
2023-03-26 07:12:01 +0000  copying file ./Base.lproj/LaunchScreen.storyboardc/Info.plist ... 
2023-03-26 07:12:01 +0000  258 bytes for ./Base.lproj/LaunchScreen.storyboardc/Info.plist
2023-03-26 07:12:01 +0000  copying file ./zero_waste_loading.json ... 
2023-03-26 07:12:01 +0000  3067 bytes for ./zero_waste_loading.json
2023-03-26 07:12:01 +0000  copying file ./Assets.car ... 
2023-03-26 07:12:01 +0000  490895 bytes for ./Assets.car
2023-03-26 07:12:01 +0000  copying file ./AppIcon76x76@2x~ipad.png ... 
2023-03-26 07:12:01 +0000  7409 bytes for ./AppIcon76x76@2x~ipad.png
2023-03-26 07:12:01 +0000  copying file ./KnockKnock-iOS ... 
2023-03-26 07:12:01 +0000  6846864 bytes for ./KnockKnock-iOS
2023-03-26 07:12:01 +0000  copying file ./zero_waste_done.json ... 
2023-03-26 07:12:01 +0000  6273 bytes for ./zero_waste_done.json
2023-03-26 07:12:01 +0000  copying file ./Frameworks/Then.framework/_CodeSignature/CodeResources ... 
2023-03-26 07:12:01 +0000  1798 bytes for ./Frameworks/Then.framework/_CodeSignature/CodeResources
2023-03-26 07:12:01 +0000  copying file ./Frameworks/Then.framework/Then ... 
2023-03-26 07:12:01 +0000  104400 bytes for ./Frameworks/Then.framework/Then
2023-03-26 07:12:01 +0000  copying file ./Frameworks/Then.framework/Info.plist ... 
2023-03-26 07:12:01 +0000  776 bytes for ./Frameworks/Then.framework/Info.plist
2023-03-26 07:12:01 +0000  copying file ./Frameworks/libswift_Concurrency.dylib ... 
2023-03-26 07:12:01 +0000  558736 bytes for ./Frameworks/libswift_Concurrency.dylib
2023-03-26 07:12:01 +0000  copying file ./Frameworks/YPImagePicker.framework/de.lproj/YPImagePickerLocalizable.strings ... 
2023-03-26 07:12:01 +0000  1127 bytes for ./Frameworks/YPImagePicker.framework/de.lproj/YPImagePickerLocalizable.strings
2023-03-26 07:12:01 +0000  copying file ./Frameworks/YPImagePicker.framework/_CodeSignature/CodeResources ... 
2023-03-26 07:12:01 +0000  12826 bytes for ./Frameworks/YPImagePicker.framework/_CodeSignature/CodeResources
2023-03-26 07:12:01 +0000  copying file ./Frameworks/YPImagePicker.framework/ar.lproj/YPImagePickerLocalizable.strings ... 
2023-03-26 07:12:01 +0000  1159 bytes for ./Frameworks/YPImagePicker.framework/ar.lproj/YPImagePickerLocalizable.strings
2023-03-26 07:12:01 +0000  copying file ./Frameworks/YPImagePicker.framework/zh-Hans.lproj/YPImagePickerLocalizable.strings ... 
2023-03-26 07:12:01 +0000  974 bytes for ./Frameworks/YPImagePicker.framework/zh-Hans.lproj/YPImagePickerLocalizable.strings
2023-03-26 07:12:01 +0000  copying file ./Frameworks/YPImagePicker.framework/ja.lproj/YPImagePickerLocalizable.strings ... 
2023-03-26 07:12:01 +0000  1145 bytes for ./Frameworks/YPImagePicker.framework/ja.lproj/YPImagePickerLocalizable.strings
2023-03-26 07:12:01 +0000  copying file ./Frameworks/YPImagePicker.framework/fa.lproj/YPImagePickerLocalizable.strings ... 
2023-03-26 07:12:01 +0000  1198 bytes for ./Frameworks/YPImagePicker.framework/fa.lproj/YPImagePickerLocalizable.strings
2023-03-26 07:12:01 +0000  copying file ./Frameworks/YPImagePicker.framework/en.lproj/YPImagePickerLocalizable.strings ... 
2023-03-26 07:12:01 +0000  985 bytes for ./Frameworks/YPImagePicker.framework/en.lproj/YPImagePickerLocalizable.strings
2023-03-26 07:12:01 +0000  copying file ./Frameworks/YPImagePicker.framework/nb.lproj/YPImagePickerLocalizable.strings ... 
2023-03-26 07:12:01 +0000  999 bytes for ./Frameworks/YPImagePicker.framework/nb.lproj/YPImagePickerLocalizable.strings
2023-03-26 07:12:01 +0000  copying file ./Frameworks/YPImagePicker.framework/es.lproj/YPImagePickerLocalizable.strings ... 
2023-03-26 07:12:01 +0000  1064 bytes for ./Frameworks/YPImagePicker.framework/es.lproj/YPImagePickerLocalizable.strings
2023-03-26 07:12:01 +0000  copying file ./Frameworks/YPImagePicker.framework/da.lproj/YPImagePickerLocalizable.strings ... 
2023-03-26 07:12:01 +0000  1012 bytes for ./Frameworks/YPImagePicker.framework/da.lproj/YPImagePickerLocalizable.strings
2023-03-26 07:12:01 +0000  copying file ./Frameworks/YPImagePicker.framework/it.lproj/YPImagePickerLocalizable.strings ... 
2023-03-26 07:12:01 +0000  1102 bytes for ./Frameworks/YPImagePicker.framework/it.lproj/YPImagePickerLocalizable.strings
2023-03-26 07:12:01 +0000  copying file ./Frameworks/YPImagePicker.framework/bg.lproj/YPImagePickerLocalizable.strings ... 
2023-03-26 07:12:01 +0000  1296 bytes for ./Frameworks/YPImagePicker.framework/bg.lproj/YPImagePickerLocalizable.strings
2023-03-26 07:12:01 +0000  copying file ./Frameworks/YPImagePicker.framework/sv.lproj/YPImagePickerLocalizable.strings ... 
2023-03-26 07:12:01 +0000  994 bytes for ./Frameworks/YPImagePicker.framework/sv.lproj/YPImagePickerLocalizable.strings
2023-03-26 07:12:01 +0000  copying file ./Frameworks/YPImagePicker.framework/cs.lproj/YPImagePickerLocalizable.strings ... 
2023-03-26 07:12:01 +0000  1078 bytes for ./Frameworks/YPImagePicker.framework/cs.lproj/YPImagePickerLocalizable.strings
2023-03-26 07:12:01 +0000  copying file ./Frameworks/YPImagePicker.framework/km.lproj/YPImagePickerLocalizable.strings ... 
2023-03-26 07:12:01 +0000  1600 bytes for ./Frameworks/YPImagePicker.framework/km.lproj/YPImagePickerLocalizable.strings
2023-03-26 07:12:01 +0000  copying file ./Frameworks/YPImagePicker.framework/ko.lproj/YPImagePickerLocalizable.strings ... 
2023-03-26 07:12:01 +0000  1114 bytes for ./Frameworks/YPImagePicker.framework/ko.lproj/YPImagePickerLocalizable.strings
2023-03-26 07:12:01 +0000  copying file ./Frameworks/YPImagePicker.framework/zh-Hant.lproj/YPImagePickerLocalizable.strings ... 
2023-03-26 07:12:01 +0000  993 bytes for ./Frameworks/YPImagePicker.framework/zh-Hant.lproj/YPImagePickerLocalizable.strings
2023-03-26 07:12:01 +0000  copying file ./Frameworks/YPImagePicker.framework/km-KH.lproj/YPImagePickerLocalizable.strings ... 
2023-03-26 07:12:01 +0000  1600 bytes for ./Frameworks/YPImagePicker.framework/km-KH.lproj/YPImagePickerLocalizable.strings
2023-03-26 07:12:01 +0000  copying file ./Frameworks/YPImagePicker.framework/Assets.car ... 
2023-03-26 07:12:01 +0000  347615 bytes for ./Frameworks/YPImagePicker.framework/Assets.car
2023-03-26 07:12:01 +0000  copying file ./Frameworks/YPImagePicker.framework/tr.lproj/YPImagePickerLocalizable.strings ... 
2023-03-26 07:12:01 +0000  1070 bytes for ./Frameworks/YPImagePicker.framework/tr.lproj/YPImagePickerLocalizable.strings
2023-03-26 07:12:01 +0000  copying file ./Frameworks/YPImagePicker.framework/pl.lproj/YPImagePickerLocalizable.strings ... 
2023-03-26 07:12:01 +0000  1020 bytes for ./Frameworks/YPImagePicker.framework/pl.lproj/YPImagePickerLocalizable.strings
2023-03-26 07:12:01 +0000  copying file ./Frameworks/YPImagePicker.framework/pt-BR.lproj/YPImagePickerLocalizable.strings ... 
2023-03-26 07:12:01 +0000  1072 bytes for ./Frameworks/YPImagePicker.framework/pt-BR.lproj/YPImagePickerLocalizable.strings
2023-03-26 07:12:01 +0000  copying file ./Frameworks/YPImagePicker.framework/vi.lproj/YPImagePickerLocalizable.strings ... 
2023-03-26 07:12:01 +0000  1203 bytes for ./Frameworks/YPImagePicker.framework/vi.lproj/YPImagePickerLocalizable.strings
2023-03-26 07:12:01 +0000  copying file ./Frameworks/YPImagePicker.framework/ru.lproj/YPImagePickerLocalizable.strings ... 
2023-03-26 07:12:01 +0000  1280 bytes for ./Frameworks/YPImagePicker.framework/ru.lproj/YPImagePickerLocalizable.strings
2023-03-26 07:12:01 +0000  copying file ./Frameworks/YPImagePicker.framework/YPImagePicker ... 
2023-03-26 07:12:01 +0000  1632336 bytes for ./Frameworks/YPImagePicker.framework/YPImagePicker
2023-03-26 07:12:01 +0000  copying file ./Frameworks/YPImagePicker.framework/fr.lproj/YPImagePickerLocalizable.strings ... 
2023-03-26 07:12:01 +0000  1171 bytes for ./Frameworks/YPImagePicker.framework/fr.lproj/YPImagePickerLocalizable.strings
2023-03-26 07:12:01 +0000  copying file ./Frameworks/YPImagePicker.framework/id.lproj/YPImagePickerLocalizable.strings ... 
2023-03-26 07:12:01 +0000  1063 bytes for ./Frameworks/YPImagePicker.framework/id.lproj/YPImagePickerLocalizable.strings
2023-03-26 07:12:01 +0000  copying file ./Frameworks/YPImagePicker.framework/nl.lproj/YPImagePickerLocalizable.strings ... 
2023-03-26 07:12:01 +0000  1138 bytes for ./Frameworks/YPImagePicker.framework/nl.lproj/YPImagePickerLocalizable.strings
2023-03-26 07:12:01 +0000  copying file ./Frameworks/YPImagePicker.framework/th.lproj/YPImagePickerLocalizable.strings ... 
2023-03-26 07:12:01 +0000  1589 bytes for ./Frameworks/YPImagePicker.framework/th.lproj/YPImagePickerLocalizable.strings
2023-03-26 07:12:01 +0000  copying file ./Frameworks/YPImagePicker.framework/YPLibraryView.nib ... 
2023-03-26 07:12:01 +0000  3820 bytes for ./Frameworks/YPImagePicker.framework/YPLibraryView.nib
2023-03-26 07:12:01 +0000  copying file ./Frameworks/YPImagePicker.framework/pt-PT.lproj/YPImagePickerLocalizable.strings ... 
2023-03-26 07:12:01 +0000  1081 bytes for ./Frameworks/YPImagePicker.framework/pt-PT.lproj/YPImagePickerLocalizable.strings
2023-03-26 07:12:01 +0000  copying file ./Frameworks/YPImagePicker.framework/ro.lproj/YPImagePickerLocalizable.strings ... 
2023-03-26 07:12:01 +0000  1141 bytes for ./Frameworks/YPImagePicker.framework/ro.lproj/YPImagePickerLocalizable.strings
2023-03-26 07:12:01 +0000  copying file ./Frameworks/YPImagePicker.framework/Info.plist ... 
2023-03-26 07:12:01 +0000  795 bytes for ./Frameworks/YPImagePicker.framework/Info.plist
2023-03-26 07:12:01 +0000  copying file ./Frameworks/PryntTrimmerView.framework/_CodeSignature/CodeResources ... 
2023-03-26 07:12:01 +0000  1798 bytes for ./Frameworks/PryntTrimmerView.framework/_CodeSignature/CodeResources
2023-03-26 07:12:01 +0000  copying file ./Frameworks/PryntTrimmerView.framework/PryntTrimmerView ... 
2023-03-26 07:12:01 +0000  274464 bytes for ./Frameworks/PryntTrimmerView.framework/PryntTrimmerView
2023-03-26 07:12:01 +0000  copying file ./Frameworks/PryntTrimmerView.framework/Info.plist ... 
2023-03-26 07:12:01 +0000  802 bytes for ./Frameworks/PryntTrimmerView.framework/Info.plist
2023-03-26 07:12:01 +0000  copying file ./Frameworks/Stevia.framework/_CodeSignature/CodeResources ... 
2023-03-26 07:12:01 +0000  1798 bytes for ./Frameworks/Stevia.framework/_CodeSignature/CodeResources
2023-03-26 07:12:01 +0000  copying file ./Frameworks/Stevia.framework/Stevia ... 
2023-03-26 07:12:01 +0000  240432 bytes for ./Frameworks/Stevia.framework/Stevia
2023-03-26 07:12:01 +0000  copying file ./Frameworks/Stevia.framework/Info.plist ... 
2023-03-26 07:12:01 +0000  778 bytes for ./Frameworks/Stevia.framework/Info.plist
2023-03-26 07:12:01 +0000  copying file ./embedded.mobileprovision ... 
2023-03-26 07:12:01 +0000  17245 bytes for ./embedded.mobileprovision
2023-03-26 07:12:01 +0000  copying file ./KKDSKit_KKDSKit.bundle/Assets.car ... 
2023-03-26 07:12:01 +0000  19578496 bytes for ./KKDSKit_KKDSKit.bundle/Assets.car
copying file ./KKDSKit_KKDSKit.bundle/Info.plist ... 
2023-03-26 07:12:01 +0000  674 bytes for ./KKDSKit_KKDSKit.bundle/Info.plist
2023-03-26 07:12:01 +0000  copying file ./Info.plist ... 
2023-03-26 07:12:01 +0000  2102 bytes for ./Info.plist
copying file ./PkgInfo ... 
2023-03-26 07:12:01 +0000  8 bytes for ./PkgInfo
2023-03-26 07:12:01 +0000  /usr/bin/ditto exited with 0
2023-03-26 07:12:01 +0000  Processing step: IDEDistributionEmbedProfileStep
2023-03-26 07:12:01 +0000  Skipping profile for item: <IDEDistributionItem: 0x6000421c7120; bundleID='org.cocoapods.PryntTrimmerView', path='<DVTFilePath:0x60002eb42300:'/Users/daye/Library/Developer/Xcode/Archives/2023-03-26/KnockKnock-iOS 2023-03-26 16.11.xcarchive/Products/Applications/KnockKnock-iOS.app/Frameworks/PryntTrimmerView.framework'>', codeSigningInfo='<_DVTCodeSigningInformation_Path: 0x6000b6466030; isSigned='1', isAdHocSigned='0', signingCertificate='<DVTSigningCertificate: 0x60001b372b50; name='Apple Development: Dayea Yoon (3ZN47KS375)', hash='C76AB3E4C62A28300F352855C94FD138C12D794A', serialNumber='18EC3F4CF29CF27CA8ECB32255D9670D', certificateKinds='(
    "1.2.840.113635.100.6.1.12",
    "1.2.840.113635.100.6.1.2"
), issueDate='2022-09-03 11:06:19 +0000''>', entitlements='(null)', teamID='7YWVGV44MR', identifier='org.cocoapods.PryntTrimmerView', executablePath='<DVTFilePath:0x60002ef1d8f0:'/Users/daye/Library/Developer/Xcode/Archives/2023-03-26/KnockKnock-iOS 2023-03-26 16.11.xcarchive/Products/Applications/KnockKnock-iOS.app/Frameworks/PryntTrimmerView.framework/PryntTrimmerView'>', hardenedRuntime='0'>'>
2023-03-26 07:12:01 +0000  Skipping profile for item: <IDEDistributionItem: 0x60004619cd80; bundleID='org.cocoapods.Stevia', path='<DVTFilePath:0x60002ec38af0:'/Users/daye/Library/Developer/Xcode/Archives/2023-03-26/KnockKnock-iOS 2023-03-26 16.11.xcarchive/Products/Applications/KnockKnock-iOS.app/Frameworks/Stevia.framework'>', codeSigningInfo='<_DVTCodeSigningInformation_Path: 0x6000aa71d6d0; isSigned='1', isAdHocSigned='0', signingCertificate='<DVTSigningCertificate: 0x60001b372b50; name='Apple Development: Dayea Yoon (3ZN47KS375)', hash='C76AB3E4C62A28300F352855C94FD138C12D794A', serialNumber='18EC3F4CF29CF27CA8ECB32255D9670D', certificateKinds='(
    "1.2.840.113635.100.6.1.12",
    "1.2.840.113635.100.6.1.2"
), issueDate='2022-09-03 11:06:19 +0000''>', entitlements='(null)', teamID='7YWVGV44MR', identifier='org.cocoapods.Stevia', executablePath='<DVTFilePath:0x60004619e700:'/Users/daye/Library/Developer/Xcode/Archives/2023-03-26/KnockKnock-iOS 2023-03-26 16.11.xcarchive/Products/Applications/KnockKnock-iOS.app/Frameworks/Stevia.framework/Stevia'>', hardenedRuntime='0'>'>
2023-03-26 07:12:01 +0000  Skipping profile for item: <IDEDistributionItem: 0x6000421c56e0; bundleID='org.cocoapods.Then', path='<DVTFilePath:0x60002ec39730:'/Users/daye/Library/Developer/Xcode/Archives/2023-03-26/KnockKnock-iOS 2023-03-26 16.11.xcarchive/Products/Applications/KnockKnock-iOS.app/Frameworks/Then.framework'>', codeSigningInfo='<_DVTCodeSigningInformation_Path: 0x6000b67eccd0; isSigned='1', isAdHocSigned='0', signingCertificate='<DVTSigningCertificate: 0x60001b372b50; name='Apple Development: Dayea Yoon (3ZN47KS375)', hash='C76AB3E4C62A28300F352855C94FD138C12D794A', serialNumber='18EC3F4CF29CF27CA8ECB32255D9670D', certificateKinds='(
    "1.2.840.113635.100.6.1.12",
    "1.2.840.113635.100.6.1.2"
), issueDate='2022-09-03 11:06:19 +0000''>', entitlements='(null)', teamID='7YWVGV44MR', identifier='org.cocoapods.Then', executablePath='<DVTFilePath:0x6000461934e0:'/Users/daye/Library/Developer/Xcode/Archives/2023-03-26/KnockKnock-iOS 2023-03-26 16.11.xcarchive/Products/Applications/KnockKnock-iOS.app/Frameworks/Then.framework/Then'>', hardenedRuntime='0'>'>
2023-03-26 07:12:01 +0000  Skipping profile for item: <IDEDistributionItem: 0x6000421c6820; bundleID='org.cocoapods.YPImagePicker', path='<DVTFilePath:0x60002ec39340:'/Users/daye/Library/Developer/Xcode/Archives/2023-03-26/KnockKnock-iOS 2023-03-26 16.11.xcarchive/Products/Applications/KnockKnock-iOS.app/Frameworks/YPImagePicker.framework'>', codeSigningInfo='<_DVTCodeSigningInformation_Path: 0x600062414b90; isSigned='1', isAdHocSigned='0', signingCertificate='<DVTSigningCertificate: 0x60001b372b50; name='Apple Development: Dayea Yoon (3ZN47KS375)', hash='C76AB3E4C62A28300F352855C94FD138C12D794A', serialNumber='18EC3F4CF29CF27CA8ECB32255D9670D', certificateKinds='(
    "1.2.840.113635.100.6.1.12",
    "1.2.840.113635.100.6.1.2"
), issueDate='2022-09-03 11:06:19 +0000''>', entitlements='(null)', teamID='7YWVGV44MR', identifier='org.cocoapods.YPImagePicker', executablePath='<DVTFilePath:0x60002efb84d0:'/Users/daye/Library/Developer/Xcode/Archives/2023-03-26/KnockKnock-iOS 2023-03-26 16.11.xcarchive/Products/Applications/KnockKnock-iOS.app/Frameworks/YPImagePicker.framework/YPImagePicker'>', hardenedRuntime='0'>'>
2023-03-26 07:12:01 +0000  Skipping profile for item: <IDEDistributionItem: 0x6000421c57a0; bundleID='com.apple.dt.runtime.swiftConcurrency', path='<DVTFilePath:0x60002eb43b80:'/Users/daye/Library/Developer/Xcode/Archives/2023-03-26/KnockKnock-iOS 2023-03-26 16.11.xcarchive/Products/Applications/KnockKnock-iOS.app/Frameworks/libswift_Concurrency.dylib'>', codeSigningInfo='<_DVTCodeSigningInformation_Path: 0x600062414690; isSigned='1', isAdHocSigned='0', signingCertificate='<DVTSigningCertificate: 0x60001b37f180; name='Apple Development: Dayea Yoon (3ZN47KS375)', hash='C76AB3E4C62A28300F352855C94FD138C12D794A', serialNumber='18EC3F4CF29CF27CA8ECB32255D9670D', certificateKinds='(
    "1.2.840.113635.100.6.1.12",
    "1.2.840.113635.100.6.1.2"
), issueDate='2022-09-03 11:06:19 +0000''>', entitlements='(null)', teamID='7YWVGV44MR', identifier='com.apple.dt.runtime.swiftConcurrency', executablePath='<DVTFilePath:0x60002eb43b80:'/Users/daye/Library/Developer/Xcode/Archives/2023-03-26/KnockKnock-iOS 2023-03-26 16.11.xcarchive/Products/Applications/KnockKnock-iOS.app/Frameworks/libswift_Concurrency.dylib'>', hardenedRuntime='0'>'>
2023-03-26 07:12:01 +0000  Processing step: IDEDistributionInfoPlistStep
2023-03-26 07:12:01 +0000  Skipping step: IDEDistributionInfoPlistStep because it said so
2023-03-26 07:12:01 +0000  Skipping step: IDEDistributionInfoPlistStep because it said so
2023-03-26 07:12:01 +0000  Skipping step: IDEDistributionInfoPlistStep because it said so
2023-03-26 07:12:01 +0000  Skipping step: IDEDistributionInfoPlistStep because it said so
2023-03-26 07:12:01 +0000  Skipping step: IDEDistributionInfoPlistStep because it said so
2023-03-26 07:12:01 +0000  Skipping step: IDEDistributionInfoPlistStep because it said so
2023-03-26 07:12:01 +0000  Processing step: IDEDistributionAppThinningPlistStep
2023-03-26 07:12:01 +0000  Skipping step: IDEDistributionAppThinningPlistStep because it said so
2023-03-26 07:12:01 +0000  Processing step: IDEDistributionCompileBitcodeStep
2023-03-26 07:12:01 +0000  Skipping step: IDEDistributionCompileBitcodeStep because it said so
2023-03-26 07:12:01 +0000  Processing step: IDEDistributionCodeSlimmingStep
2023-03-26 07:12:01 +0000  Processing step: IDEDistributionCopyBCSymbolMapsStep
2023-03-26 07:12:01 +0000  Skipping step: IDEDistributionCopyBCSymbolMapsStep because it said so
2023-03-26 07:12:01 +0000  Skipping step: IDEDistributionCopyBCSymbolMapsStep because it said so
2023-03-26 07:12:01 +0000  Skipping step: IDEDistributionCopyBCSymbolMapsStep because it said so
2023-03-26 07:12:01 +0000  Skipping step: IDEDistributionCopyBCSymbolMapsStep because it said so
2023-03-26 07:12:01 +0000  Skipping step: IDEDistributionCopyBCSymbolMapsStep because it said so
2023-03-26 07:12:01 +0000  Skipping step: IDEDistributionCopyBCSymbolMapsStep because it said so
2023-03-26 07:12:01 +0000  Processing step: IDEDistributionSymbolsStep
2023-03-26 07:12:01 +0000  Skipping step: IDEDistributionSymbolsStep because it said so
2023-03-26 07:12:01 +0000  Skipping step: IDEDistributionSymbolsStep because it said so
2023-03-26 07:12:01 +0000  Skipping step: IDEDistributionSymbolsStep because it said so
2023-03-26 07:12:01 +0000  Skipping step: IDEDistributionSymbolsStep because it said so
2023-03-26 07:12:01 +0000  Skipping step: IDEDistributionSymbolsStep because it said so
2023-03-26 07:12:01 +0000  Skipping step: IDEDistributionSymbolsStep because it said so
2023-03-26 07:12:01 +0000  Processing step: IDEDistributionAppThinningStep
2023-03-26 07:12:01 +0000  Skipping step: IDEDistributionAppThinningStep because it said so
2023-03-26 07:12:01 +0000  Processing step: IDEDistributionArchThinningStep
2023-03-26 07:12:01 +0000  Running /Applications/Xcode.app/Contents/Developer/Toolchains/XcodeDefault.xctoolchain/usr/bin/lipo '/var/folders/f9/43m6gqpn5036x22077wf3d3h0000gn/T/XcodeDistPipeline.~~~CLpz9J/Root/Payload/KnockKnock-iOS.app/Frameworks/PryntTrimmerView.framework/PryntTrimmerView' '-verify_arch' 'arm64e'
2023-03-26 07:12:01 +0000  /Applications/Xcode.app/Contents/Developer/Toolchains/XcodeDefault.xctoolchain/usr/bin/lipo exited with 1
2023-03-26 07:12:01 +0000  Skipping architecture thinning for item "PryntTrimmerView" because arch "arm64e" wasn't found
2023-03-26 07:12:01 +0000  Running /Applications/Xcode.app/Contents/Developer/Toolchains/XcodeDefault.xctoolchain/usr/bin/lipo '/var/folders/f9/43m6gqpn5036x22077wf3d3h0000gn/T/XcodeDistPipeline.~~~CLpz9J/Root/Payload/KnockKnock-iOS.app/Frameworks/Stevia.framework/Stevia' '-verify_arch' 'arm64e'
2023-03-26 07:12:01 +0000  /Applications/Xcode.app/Contents/Developer/Toolchains/XcodeDefault.xctoolchain/usr/bin/lipo exited with 1
2023-03-26 07:12:01 +0000  Skipping architecture thinning for item "Stevia" because arch "arm64e" wasn't found
2023-03-26 07:12:01 +0000  Running /Applications/Xcode.app/Contents/Developer/Toolchains/XcodeDefault.xctoolchain/usr/bin/lipo '/var/folders/f9/43m6gqpn5036x22077wf3d3h0000gn/T/XcodeDistPipeline.~~~CLpz9J/Root/Payload/KnockKnock-iOS.app/Frameworks/Then.framework/Then' '-verify_arch' 'arm64e'
2023-03-26 07:12:01 +0000  /Applications/Xcode.app/Contents/Developer/Toolchains/XcodeDefault.xctoolchain/usr/bin/lipo exited with 1
2023-03-26 07:12:01 +0000  Skipping architecture thinning for item "Then" because arch "arm64e" wasn't found
2023-03-26 07:12:01 +0000  Running /Applications/Xcode.app/Contents/Developer/Toolchains/XcodeDefault.xctoolchain/usr/bin/lipo '/var/folders/f9/43m6gqpn5036x22077wf3d3h0000gn/T/XcodeDistPipeline.~~~CLpz9J/Root/Payload/KnockKnock-iOS.app/Frameworks/YPImagePicker.framework/YPImagePicker' '-verify_arch' 'arm64e'
2023-03-26 07:12:01 +0000  /Applications/Xcode.app/Contents/Developer/Toolchains/XcodeDefault.xctoolchain/usr/bin/lipo exited with 1
2023-03-26 07:12:01 +0000  Skipping architecture thinning for item "YPImagePicker" because arch "arm64e" wasn't found
2023-03-26 07:12:01 +0000  Running /Applications/Xcode.app/Contents/Developer/Toolchains/XcodeDefault.xctoolchain/usr/bin/lipo '/var/folders/f9/43m6gqpn5036x22077wf3d3h0000gn/T/XcodeDistPipeline.~~~CLpz9J/Root/Payload/KnockKnock-iOS.app/Frameworks/libswift_Concurrency.dylib' '-verify_arch' 'arm64e'
2023-03-26 07:12:01 +0000  /Applications/Xcode.app/Contents/Developer/Toolchains/XcodeDefault.xctoolchain/usr/bin/lipo exited with 1
2023-03-26 07:12:01 +0000  Skipping architecture thinning for item "libswift_Concurrency.dylib" because arch "arm64e" wasn't found
2023-03-26 07:12:01 +0000  Running /Applications/Xcode.app/Contents/Developer/Toolchains/XcodeDefault.xctoolchain/usr/bin/lipo '/var/folders/f9/43m6gqpn5036x22077wf3d3h0000gn/T/XcodeDistPipeline.~~~CLpz9J/Root/Payload/KnockKnock-iOS.app/KnockKnock-iOS' '-verify_arch' 'arm64e'
2023-03-26 07:12:01 +0000  /Applications/Xcode.app/Contents/Developer/Toolchains/XcodeDefault.xctoolchain/usr/bin/lipo exited with 1
2023-03-26 07:12:01 +0000  Skipping architecture thinning for item "KnockKnock-iOS" because arch "arm64e" wasn't found
2023-03-26 07:12:01 +0000  Processing step: IDEDistributionODRStep
2023-03-26 07:12:01 +0000  Processing step: IDEDistributionStripXattrsStep
2023-03-26 07:12:01 +0000  Skipping stripping extended attributes of item: <IDEDistributionItem: 0x6000421c7120; bundleID='org.cocoapods.PryntTrimmerView', path='<DVTFilePath:0x60002eb42300:'/Users/daye/Library/Developer/Xcode/Archives/2023-03-26/KnockKnock-iOS 2023-03-26 16.11.xcarchive/Products/Applications/KnockKnock-iOS.app/Frameworks/PryntTrimmerView.framework'>', codeSigningInfo='<_DVTCodeSigningInformation_Path: 0x6000b6466030; isSigned='1', isAdHocSigned='0', signingCertificate='<DVTSigningCertificate: 0x60001b37f180; name='Apple Development: Dayea Yoon (3ZN47KS375)', hash='C76AB3E4C62A28300F352855C94FD138C12D794A', serialNumber='18EC3F4CF29CF27CA8ECB32255D9670D', certificateKinds='(
    "1.2.840.113635.100.6.1.12",
    "1.2.840.113635.100.6.1.2"
), issueDate='2022-09-03 11:06:19 +0000''>', entitlements='(null)', teamID='7YWVGV44MR', identifier='org.cocoapods.PryntTrimmerView', executablePath='<DVTFilePath:0x60002ef1d8f0:'/Users/daye/Library/Developer/Xcode/Archives/2023-03-26/KnockKnock-iOS 2023-03-26 16.11.xcarchive/Products/Applications/KnockKnock-iOS.app/Frameworks/PryntTrimmerView.framework/PryntTrimmerView'>', hardenedRuntime='0'>'>
2023-03-26 07:12:01 +0000  Skipping stripping extended attributes of item: <IDEDistributionItem: 0x60004619cd80; bundleID='org.cocoapods.Stevia', path='<DVTFilePath:0x60002ec38af0:'/Users/daye/Library/Developer/Xcode/Archives/2023-03-26/KnockKnock-iOS 2023-03-26 16.11.xcarchive/Products/Applications/KnockKnock-iOS.app/Frameworks/Stevia.framework'>', codeSigningInfo='<_DVTCodeSigningInformation_Path: 0x6000aa71d6d0; isSigned='1', isAdHocSigned='0', signingCertificate='<DVTSigningCertificate: 0x60001b37f180; name='Apple Development: Dayea Yoon (3ZN47KS375)', hash='C76AB3E4C62A28300F352855C94FD138C12D794A', serialNumber='18EC3F4CF29CF27CA8ECB32255D9670D', certificateKinds='(
    "1.2.840.113635.100.6.1.12",
    "1.2.840.113635.100.6.1.2"
), issueDate='2022-09-03 11:06:19 +0000''>', entitlements='(null)', teamID='7YWVGV44MR', identifier='org.cocoapods.Stevia', executablePath='<DVTFilePath:0x60004619e700:'/Users/daye/Library/Developer/Xcode/Archives/2023-03-26/KnockKnock-iOS 2023-03-26 16.11.xcarchive/Products/Applications/KnockKnock-iOS.app/Frameworks/Stevia.framework/Stevia'>', hardenedRuntime='0'>'>
2023-03-26 07:12:01 +0000  Skipping stripping extended attributes of item: <IDEDistributionItem: 0x6000421c56e0; bundleID='org.cocoapods.Then', path='<DVTFilePath:0x60002ec39730:'/Users/daye/Library/Developer/Xcode/Archives/2023-03-26/KnockKnock-iOS 2023-03-26 16.11.xcarchive/Products/Applications/KnockKnock-iOS.app/Frameworks/Then.framework'>', codeSigningInfo='<_DVTCodeSigningInformation_Path: 0x6000b67eccd0; isSigned='1', isAdHocSigned='0', signingCertificate='<DVTSigningCertificate: 0x60001b37f180; name='Apple Development: Dayea Yoon (3ZN47KS375)', hash='C76AB3E4C62A28300F352855C94FD138C12D794A', serialNumber='18EC3F4CF29CF27CA8ECB32255D9670D', certificateKinds='(
    "1.2.840.113635.100.6.1.12",
    "1.2.840.113635.100.6.1.2"
), issueDate='2022-09-03 11:06:19 +0000''>', entitlements='(null)', teamID='7YWVGV44MR', identifier='org.cocoapods.Then', executablePath='<DVTFilePath:0x6000461934e0:'/Users/daye/Library/Developer/Xcode/Archives/2023-03-26/KnockKnock-iOS 2023-03-26 16.11.xcarchive/Products/Applications/KnockKnock-iOS.app/Frameworks/Then.framework/Then'>', hardenedRuntime='0'>'>
2023-03-26 07:12:01 +0000  Skipping stripping extended attributes of item: <IDEDistributionItem: 0x6000421c6820; bundleID='org.cocoapods.YPImagePicker', path='<DVTFilePath:0x60002ec39340:'/Users/daye/Library/Developer/Xcode/Archives/2023-03-26/KnockKnock-iOS 2023-03-26 16.11.xcarchive/Products/Applications/KnockKnock-iOS.app/Frameworks/YPImagePicker.framework'>', codeSigningInfo='<_DVTCodeSigningInformation_Path: 0x600062414b90; isSigned='1', isAdHocSigned='0', signingCertificate='<DVTSigningCertificate: 0x60001b37f180; name='Apple Development: Dayea Yoon (3ZN47KS375)', hash='C76AB3E4C62A28300F352855C94FD138C12D794A', serialNumber='18EC3F4CF29CF27CA8ECB32255D9670D', certificateKinds='(
    "1.2.840.113635.100.6.1.12",
    "1.2.840.113635.100.6.1.2"
), issueDate='2022-09-03 11:06:19 +0000''>', entitlements='(null)', teamID='7YWVGV44MR', identifier='org.cocoapods.YPImagePicker', executablePath='<DVTFilePath:0x60002efb84d0:'/Users/daye/Library/Developer/Xcode/Archives/2023-03-26/KnockKnock-iOS 2023-03-26 16.11.xcarchive/Products/Applications/KnockKnock-iOS.app/Frameworks/YPImagePicker.framework/YPImagePicker'>', hardenedRuntime='0'>'>
2023-03-26 07:12:01 +0000  Skipping stripping extended attributes of item: <IDEDistributionItem: 0x6000421c57a0; bundleID='com.apple.dt.runtime.swiftConcurrency', path='<DVTFilePath:0x60002eb43b80:'/Users/daye/Library/Developer/Xcode/Archives/2023-03-26/KnockKnock-iOS 2023-03-26 16.11.xcarchive/Products/Applications/KnockKnock-iOS.app/Frameworks/libswift_Concurrency.dylib'>', codeSigningInfo='<_DVTCodeSigningInformation_Path: 0x600062414690; isSigned='1', isAdHocSigned='0', signingCertificate='<DVTSigningCertificate: 0x60001b37f180; name='Apple Development: Dayea Yoon (3ZN47KS375)', hash='C76AB3E4C62A28300F352855C94FD138C12D794A', serialNumber='18EC3F4CF29CF27CA8ECB32255D9670D', certificateKinds='(
    "1.2.840.113635.100.6.1.12",
    "1.2.840.113635.100.6.1.2"
), issueDate='2022-09-03 11:06:19 +0000''>', entitlements='(null)', teamID='7YWVGV44MR', identifier='com.apple.dt.runtime.swiftConcurrency', executablePath='<DVTFilePath:0x60002eb43b80:'/Users/daye/Library/Developer/Xcode/Archives/2023-03-26/KnockKnock-iOS 2023-03-26 16.11.xcarchive/Products/Applications/KnockKnock-iOS.app/Frameworks/libswift_Concurrency.dylib'>', hardenedRuntime='0'>'>
2023-03-26 07:12:01 +0000  Running /usr/bin/xattr '-crs' '/var/folders/f9/43m6gqpn5036x22077wf3d3h0000gn/T/XcodeDistPipeline.~~~CLpz9J/Root/Payload/KnockKnock-iOS.app'
2023-03-26 07:12:01 +0000  /usr/bin/xattr exited with 0
2023-03-26 07:12:01 +0000  Processing step: IDEDistributionCodesignStep
2023-03-26 07:12:01 +0000  Entitlements for <IDEDistributionItem: 0x6000421c7120; bundleID='org.cocoapods.PryntTrimmerView', path='<DVTFilePath:0x60002eb42300:'/Users/daye/Library/Developer/Xcode/Archives/2023-03-26/KnockKnock-iOS 2023-03-26 16.11.xcarchive/Products/Applications/KnockKnock-iOS.app/Frameworks/PryntTrimmerView.framework'>', codeSigningInfo='<_DVTCodeSigningInformation_Path: 0x6000b6466030; isSigned='1', isAdHocSigned='0', signingCertificate='<DVTSigningCertificate: 0x60001b372b50; name='Apple Development: Dayea Yoon (3ZN47KS375)', hash='C76AB3E4C62A28300F352855C94FD138C12D794A', serialNumber='18EC3F4CF29CF27CA8ECB32255D9670D', certificateKinds='(
    "1.2.840.113635.100.6.1.12",
    "1.2.840.113635.100.6.1.2"
), issueDate='2022-09-03 11:06:19 +0000''>', entitlements='(null)', teamID='7YWVGV44MR', identifier='org.cocoapods.PryntTrimmerView', executablePath='<DVTFilePath:0x60002ef1d8f0:'/Users/daye/Library/Developer/Xcode/Archives/2023-03-26/KnockKnock-iOS 2023-03-26 16.11.xcarchive/Products/Applications/KnockKnock-iOS.app/Frameworks/PryntTrimmerView.framework/PryntTrimmerView'>', hardenedRuntime='0'>'>: {
}
2023-03-26 07:12:01 +0000  Entitlements for <IDEDistributionItem: 0x6000421c7120; bundleID='org.cocoapods.PryntTrimmerView', path='<DVTFilePath:0x60002eb42300:'/Users/daye/Library/Developer/Xcode/Archives/2023-03-26/KnockKnock-iOS 2023-03-26 16.11.xcarchive/Products/Applications/KnockKnock-iOS.app/Frameworks/PryntTrimmerView.framework'>', codeSigningInfo='<_DVTCodeSigningInformation_Path: 0x6000b6466030; isSigned='1', isAdHocSigned='0', signingCertificate='<DVTSigningCertificate: 0x60001b37f180; name='Apple Development: Dayea Yoon (3ZN47KS375)', hash='C76AB3E4C62A28300F352855C94FD138C12D794A', serialNumber='18EC3F4CF29CF27CA8ECB32255D9670D', certificateKinds='(
    "1.2.840.113635.100.6.1.12",
    "1.2.840.113635.100.6.1.2"
), issueDate='2022-09-03 11:06:19 +0000''>', entitlements='(null)', teamID='7YWVGV44MR', identifier='org.cocoapods.PryntTrimmerView', executablePath='<DVTFilePath:0x60002ef1d8f0:'/Users/daye/Library/Developer/Xcode/Archives/2023-03-26/KnockKnock-iOS 2023-03-26 16.11.xcarchive/Products/Applications/KnockKnock-iOS.app/Frameworks/PryntTrimmerView.framework/PryntTrimmerView'>', hardenedRuntime='0'>'> are: {
}
2023-03-26 07:12:01 +0000  Writing entitlements for <IDEDistributionItem: 0x6000421c7120; bundleID='org.cocoapods.PryntTrimmerView', path='<DVTFilePath:0x60002eb42300:'/Users/daye/Library/Developer/Xcode/Archives/2023-03-26/KnockKnock-iOS 2023-03-26 16.11.xcarchive/Products/Applications/KnockKnock-iOS.app/Frameworks/PryntTrimmerView.framework'>', codeSigningInfo='<_DVTCodeSigningInformation_Path: 0x6000b6466030; isSigned='1', isAdHocSigned='0', signingCertificate='<DVTSigningCertificate: 0x60001b37eaa0; name='Apple Development: Dayea Yoon (3ZN47KS375)', hash='C76AB3E4C62A28300F352855C94FD138C12D794A', serialNumber='18EC3F4CF29CF27CA8ECB32255D9670D', certificateKinds='(
    "1.2.840.113635.100.6.1.12",
    "1.2.840.113635.100.6.1.2"
), issueDate='2022-09-03 11:06:19 +0000''>', entitlements='(null)', teamID='7YWVGV44MR', identifier='org.cocoapods.PryntTrimmerView', executablePath='<DVTFilePath:0x60002ef1d8f0:'/Users/daye/Library/Developer/Xcode/Archives/2023-03-26/KnockKnock-iOS 2023-03-26 16.11.xcarchive/Products/Applications/KnockKnock-iOS.app/Frameworks/PryntTrimmerView.framework/PryntTrimmerView'>', hardenedRuntime='0'>'> to: /var/folders/f9/43m6gqpn5036x22077wf3d3h0000gn/T/XcodeDistPipeline.~~~CLpz9J/entitlements~~~xJ8SQq
2023-03-26 07:12:01 +0000  Running /usr/bin/codesign '-vvv' '--force' '--sign' 'C76AB3E4C62A28300F352855C94FD138C12D794A' '--entitlements' '/var/folders/f9/43m6gqpn5036x22077wf3d3h0000gn/T/XcodeDistPipeline.~~~CLpz9J/entitlements~~~xJ8SQq' '--generate-entitlement-der' '--preserve-metadata=identifier,flags,runtime' '/var/folders/f9/43m6gqpn5036x22077wf3d3h0000gn/T/XcodeDistPipeline.~~~CLpz9J/Root/Payload/KnockKnock-iOS.app/Frameworks/PryntTrimmerView.framework'
2023-03-26 07:12:01 +0000  /var/folders/f9/43m6gqpn5036x22077wf3d3h0000gn/T/XcodeDistPipeline.~~~CLpz9J/Root/Payload/KnockKnock-iOS.app/Frameworks/PryntTrimmerView.framework: replacing existing signature
2023-03-26 07:12:01 +0000  /var/folders/f9/43m6gqpn5036x22077wf3d3h0000gn/T/XcodeDistPipeline.~~~CLpz9J/Root/Payload/KnockKnock-iOS.app/Frameworks/PryntTrimmerView.framework: signed bundle with Mach-O thin (arm64) [org.cocoapods.PryntTrimmerView]
2023-03-26 07:12:01 +0000  /usr/bin/codesign exited with 0
2023-03-26 07:12:01 +0000  Entitlements for <IDEDistributionItem: 0x60004619cd80; bundleID='org.cocoapods.Stevia', path='<DVTFilePath:0x60002ec38af0:'/Users/daye/Library/Developer/Xcode/Archives/2023-03-26/KnockKnock-iOS 2023-03-26 16.11.xcarchive/Products/Applications/KnockKnock-iOS.app/Frameworks/Stevia.framework'>', codeSigningInfo='<_DVTCodeSigningInformation_Path: 0x6000aa71d6d0; isSigned='1', isAdHocSigned='0', signingCertificate='<DVTSigningCertificate: 0x60001b37d8c0; name='Apple Development: Dayea Yoon (3ZN47KS375)', hash='C76AB3E4C62A28300F352855C94FD138C12D794A', serialNumber='18EC3F4CF29CF27CA8ECB32255D9670D', certificateKinds='(
    "1.2.840.113635.100.6.1.12",
    "1.2.840.113635.100.6.1.2"
), issueDate='2022-09-03 11:06:19 +0000''>', entitlements='(null)', teamID='7YWVGV44MR', identifier='org.cocoapods.Stevia', executablePath='<DVTFilePath:0x60004619e700:'/Users/daye/Library/Developer/Xcode/Archives/2023-03-26/KnockKnock-iOS 2023-03-26 16.11.xcarchive/Products/Applications/KnockKnock-iOS.app/Frameworks/Stevia.framework/Stevia'>', hardenedRuntime='0'>'>: {
}
2023-03-26 07:12:01 +0000  Entitlements for <IDEDistributionItem: 0x60004619cd80; bundleID='org.cocoapods.Stevia', path='<DVTFilePath:0x60002ec38af0:'/Users/daye/Library/Developer/Xcode/Archives/2023-03-26/KnockKnock-iOS 2023-03-26 16.11.xcarchive/Products/Applications/KnockKnock-iOS.app/Frameworks/Stevia.framework'>', codeSigningInfo='<_DVTCodeSigningInformation_Path: 0x6000aa71d6d0; isSigned='1', isAdHocSigned='0', signingCertificate='<DVTSigningCertificate: 0x60001b37eaa0; name='Apple Development: Dayea Yoon (3ZN47KS375)', hash='C76AB3E4C62A28300F352855C94FD138C12D794A', serialNumber='18EC3F4CF29CF27CA8ECB32255D9670D', certificateKinds='(
    "1.2.840.113635.100.6.1.12",
    "1.2.840.113635.100.6.1.2"
), issueDate='2022-09-03 11:06:19 +0000''>', entitlements='(null)', teamID='7YWVGV44MR', identifier='org.cocoapods.Stevia', executablePath='<DVTFilePath:0x60004619e700:'/Users/daye/Library/Developer/Xcode/Archives/2023-03-26/KnockKnock-iOS 2023-03-26 16.11.xcarchive/Products/Applications/KnockKnock-iOS.app/Frameworks/Stevia.framework/Stevia'>', hardenedRuntime='0'>'> are: {
}
2023-03-26 07:12:01 +0000  Writing entitlements for <IDEDistributionItem: 0x60004619cd80; bundleID='org.cocoapods.Stevia', path='<DVTFilePath:0x60002ec38af0:'/Users/daye/Library/Developer/Xcode/Archives/2023-03-26/KnockKnock-iOS 2023-03-26 16.11.xcarchive/Products/Applications/KnockKnock-iOS.app/Frameworks/Stevia.framework'>', codeSigningInfo='<_DVTCodeSigningInformation_Path: 0x6000aa71d6d0; isSigned='1', isAdHocSigned='0', signingCertificate='<DVTSigningCertificate: 0x60001b37def0; name='Apple Development: Dayea Yoon (3ZN47KS375)', hash='C76AB3E4C62A28300F352855C94FD138C12D794A', serialNumber='18EC3F4CF29CF27CA8ECB32255D9670D', certificateKinds='(
    "1.2.840.113635.100.6.1.12",
    "1.2.840.113635.100.6.1.2"
), issueDate='2022-09-03 11:06:19 +0000''>', entitlements='(null)', teamID='7YWVGV44MR', identifier='org.cocoapods.Stevia', executablePath='<DVTFilePath:0x60004619e700:'/Users/daye/Library/Developer/Xcode/Archives/2023-03-26/KnockKnock-iOS 2023-03-26 16.11.xcarchive/Products/Applications/KnockKnock-iOS.app/Frameworks/Stevia.framework/Stevia'>', hardenedRuntime='0'>'> to: /var/folders/f9/43m6gqpn5036x22077wf3d3h0000gn/T/XcodeDistPipeline.~~~CLpz9J/entitlements~~~Qfuxpx
2023-03-26 07:12:01 +0000  Running /usr/bin/codesign '-vvv' '--force' '--sign' 'C76AB3E4C62A28300F352855C94FD138C12D794A' '--entitlements' '/var/folders/f9/43m6gqpn5036x22077wf3d3h0000gn/T/XcodeDistPipeline.~~~CLpz9J/entitlements~~~Qfuxpx' '--generate-entitlement-der' '--preserve-metadata=identifier,flags,runtime' '/var/folders/f9/43m6gqpn5036x22077wf3d3h0000gn/T/XcodeDistPipeline.~~~CLpz9J/Root/Payload/KnockKnock-iOS.app/Frameworks/Stevia.framework'
2023-03-26 07:12:01 +0000  /var/folders/f9/43m6gqpn5036x22077wf3d3h0000gn/T/XcodeDistPipeline.~~~CLpz9J/Root/Payload/KnockKnock-iOS.app/Frameworks/Stevia.framework: replacing existing signature
2023-03-26 07:12:01 +0000  /var/folders/f9/43m6gqpn5036x22077wf3d3h0000gn/T/XcodeDistPipeline.~~~CLpz9J/Root/Payload/KnockKnock-iOS.app/Frameworks/Stevia.framework: signed bundle with Mach-O thin (arm64) [org.cocoapods.Stevia]
2023-03-26 07:12:01 +0000  /usr/bin/codesign exited with 0
2023-03-26 07:12:01 +0000  Entitlements for <IDEDistributionItem: 0x6000421c56e0; bundleID='org.cocoapods.Then', path='<DVTFilePath:0x60002ec39730:'/Users/daye/Library/Developer/Xcode/Archives/2023-03-26/KnockKnock-iOS 2023-03-26 16.11.xcarchive/Products/Applications/KnockKnock-iOS.app/Frameworks/Then.framework'>', codeSigningInfo='<_DVTCodeSigningInformation_Path: 0x6000b67eccd0; isSigned='1', isAdHocSigned='0', signingCertificate='<DVTSigningCertificate: 0x60001b37d8c0; name='Apple Development: Dayea Yoon (3ZN47KS375)', hash='C76AB3E4C62A28300F352855C94FD138C12D794A', serialNumber='18EC3F4CF29CF27CA8ECB32255D9670D', certificateKinds='(
    "1.2.840.113635.100.6.1.12",
    "1.2.840.113635.100.6.1.2"
), issueDate='2022-09-03 11:06:19 +0000''>', entitlements='(null)', teamID='7YWVGV44MR', identifier='org.cocoapods.Then', executablePath='<DVTFilePath:0x6000461934e0:'/Users/daye/Library/Developer/Xcode/Archives/2023-03-26/KnockKnock-iOS 2023-03-26 16.11.xcarchive/Products/Applications/KnockKnock-iOS.app/Frameworks/Then.framework/Then'>', hardenedRuntime='0'>'>: {
}
2023-03-26 07:12:01 +0000  Entitlements for <IDEDistributionItem: 0x6000421c56e0; bundleID='org.cocoapods.Then', path='<DVTFilePath:0x60002ec39730:'/Users/daye/Library/Developer/Xcode/Archives/2023-03-26/KnockKnock-iOS 2023-03-26 16.11.xcarchive/Products/Applications/KnockKnock-iOS.app/Frameworks/Then.framework'>', codeSigningInfo='<_DVTCodeSigningInformation_Path: 0x6000b67eccd0; isSigned='1', isAdHocSigned='0', signingCertificate='<DVTSigningCertificate: 0x60001b37eaa0; name='Apple Development: Dayea Yoon (3ZN47KS375)', hash='C76AB3E4C62A28300F352855C94FD138C12D794A', serialNumber='18EC3F4CF29CF27CA8ECB32255D9670D', certificateKinds='(
    "1.2.840.113635.100.6.1.12",
    "1.2.840.113635.100.6.1.2"
), issueDate='2022-09-03 11:06:19 +0000''>', entitlements='(null)', teamID='7YWVGV44MR', identifier='org.cocoapods.Then', executablePath='<DVTFilePath:0x6000461934e0:'/Users/daye/Library/Developer/Xcode/Archives/2023-03-26/KnockKnock-iOS 2023-03-26 16.11.xcarchive/Products/Applications/KnockKnock-iOS.app/Frameworks/Then.framework/Then'>', hardenedRuntime='0'>'> are: {
}
2023-03-26 07:12:01 +0000  Writing entitlements for <IDEDistributionItem: 0x6000421c56e0; bundleID='org.cocoapods.Then', path='<DVTFilePath:0x60002ec39730:'/Users/daye/Library/Developer/Xcode/Archives/2023-03-26/KnockKnock-iOS 2023-03-26 16.11.xcarchive/Products/Applications/KnockKnock-iOS.app/Frameworks/Then.framework'>', codeSigningInfo='<_DVTCodeSigningInformation_Path: 0x6000b67eccd0; isSigned='1', isAdHocSigned='0', signingCertificate='<DVTSigningCertificate: 0x60001b37def0; name='Apple Development: Dayea Yoon (3ZN47KS375)', hash='C76AB3E4C62A28300F352855C94FD138C12D794A', serialNumber='18EC3F4CF29CF27CA8ECB32255D9670D', certificateKinds='(
    "1.2.840.113635.100.6.1.12",
    "1.2.840.113635.100.6.1.2"
), issueDate='2022-09-03 11:06:19 +0000''>', entitlements='(null)', teamID='7YWVGV44MR', identifier='org.cocoapods.Then', executablePath='<DVTFilePath:0x6000461934e0:'/Users/daye/Library/Developer/Xcode/Archives/2023-03-26/KnockKnock-iOS 2023-03-26 16.11.xcarchive/Products/Applications/KnockKnock-iOS.app/Frameworks/Then.framework/Then'>', hardenedRuntime='0'>'> to: /var/folders/f9/43m6gqpn5036x22077wf3d3h0000gn/T/XcodeDistPipeline.~~~CLpz9J/entitlements~~~7TItQs
2023-03-26 07:12:01 +0000  Running /usr/bin/codesign '-vvv' '--force' '--sign' 'C76AB3E4C62A28300F352855C94FD138C12D794A' '--entitlements' '/var/folders/f9/43m6gqpn5036x22077wf3d3h0000gn/T/XcodeDistPipeline.~~~CLpz9J/entitlements~~~7TItQs' '--generate-entitlement-der' '--preserve-metadata=identifier,flags,runtime' '/var/folders/f9/43m6gqpn5036x22077wf3d3h0000gn/T/XcodeDistPipeline.~~~CLpz9J/Root/Payload/KnockKnock-iOS.app/Frameworks/Then.framework'
2023-03-26 07:12:01 +0000  /var/folders/f9/43m6gqpn5036x22077wf3d3h0000gn/T/XcodeDistPipeline.~~~CLpz9J/Root/Payload/KnockKnock-iOS.app/Frameworks/Then.framework: replacing existing signature
2023-03-26 07:12:01 +0000  /var/folders/f9/43m6gqpn5036x22077wf3d3h0000gn/T/XcodeDistPipeline.~~~CLpz9J/Root/Payload/KnockKnock-iOS.app/Frameworks/Then.framework: signed bundle with Mach-O thin (arm64) [org.cocoapods.Then]
2023-03-26 07:12:01 +0000  /usr/bin/codesign exited with 0
2023-03-26 07:12:01 +0000  Entitlements for <IDEDistributionItem: 0x6000421c6820; bundleID='org.cocoapods.YPImagePicker', path='<DVTFilePath:0x60002ec39340:'/Users/daye/Library/Developer/Xcode/Archives/2023-03-26/KnockKnock-iOS 2023-03-26 16.11.xcarchive/Products/Applications/KnockKnock-iOS.app/Frameworks/YPImagePicker.framework'>', codeSigningInfo='<_DVTCodeSigningInformation_Path: 0x600062414b90; isSigned='1', isAdHocSigned='0', signingCertificate='<DVTSigningCertificate: 0x60001b37d8c0; name='Apple Development: Dayea Yoon (3ZN47KS375)', hash='C76AB3E4C62A28300F352855C94FD138C12D794A', serialNumber='18EC3F4CF29CF27CA8ECB32255D9670D', certificateKinds='(
    "1.2.840.113635.100.6.1.12",
    "1.2.840.113635.100.6.1.2"
), issueDate='2022-09-03 11:06:19 +0000''>', entitlements='(null)', teamID='7YWVGV44MR', identifier='org.cocoapods.YPImagePicker', executablePath='<DVTFilePath:0x60002efb84d0:'/Users/daye/Library/Developer/Xcode/Archives/2023-03-26/KnockKnock-iOS 2023-03-26 16.11.xcarchive/Products/Applications/KnockKnock-iOS.app/Frameworks/YPImagePicker.framework/YPImagePicker'>', hardenedRuntime='0'>'>: {
}
2023-03-26 07:12:01 +0000  Entitlements for <IDEDistributionItem: 0x6000421c6820; bundleID='org.cocoapods.YPImagePicker', path='<DVTFilePath:0x60002ec39340:'/Users/daye/Library/Developer/Xcode/Archives/2023-03-26/KnockKnock-iOS 2023-03-26 16.11.xcarchive/Products/Applications/KnockKnock-iOS.app/Frameworks/YPImagePicker.framework'>', codeSigningInfo='<_DVTCodeSigningInformation_Path: 0x600062414b90; isSigned='1', isAdHocSigned='0', signingCertificate='<DVTSigningCertificate: 0x60001b37e5d0; name='Apple Development: Dayea Yoon (3ZN47KS375)', hash='C76AB3E4C62A28300F352855C94FD138C12D794A', serialNumber='18EC3F4CF29CF27CA8ECB32255D9670D', certificateKinds='(
    "1.2.840.113635.100.6.1.12",
    "1.2.840.113635.100.6.1.2"
), issueDate='2022-09-03 11:06:19 +0000''>', entitlements='(null)', teamID='7YWVGV44MR', identifier='org.cocoapods.YPImagePicker', executablePath='<DVTFilePath:0x60002efb84d0:'/Users/daye/Library/Developer/Xcode/Archives/2023-03-26/KnockKnock-iOS 2023-03-26 16.11.xcarchive/Products/Applications/KnockKnock-iOS.app/Frameworks/YPImagePicker.framework/YPImagePicker'>', hardenedRuntime='0'>'> are: {
}
2023-03-26 07:12:01 +0000  Writing entitlements for <IDEDistributionItem: 0x6000421c6820; bundleID='org.cocoapods.YPImagePicker', path='<DVTFilePath:0x60002ec39340:'/Users/daye/Library/Developer/Xcode/Archives/2023-03-26/KnockKnock-iOS 2023-03-26 16.11.xcarchive/Products/Applications/KnockKnock-iOS.app/Frameworks/YPImagePicker.framework'>', codeSigningInfo='<_DVTCodeSigningInformation_Path: 0x600062414b90; isSigned='1', isAdHocSigned='0', signingCertificate='<DVTSigningCertificate: 0x60001b367c80; name='Apple Development: Dayea Yoon (3ZN47KS375)', hash='C76AB3E4C62A28300F352855C94FD138C12D794A', serialNumber='18EC3F4CF29CF27CA8ECB32255D9670D', certificateKinds='(
    "1.2.840.113635.100.6.1.12",
    "1.2.840.113635.100.6.1.2"
), issueDate='2022-09-03 11:06:19 +0000''>', entitlements='(null)', teamID='7YWVGV44MR', identifier='org.cocoapods.YPImagePicker', executablePath='<DVTFilePath:0x60002efb84d0:'/Users/daye/Library/Developer/Xcode/Archives/2023-03-26/KnockKnock-iOS 2023-03-26 16.11.xcarchive/Products/Applications/KnockKnock-iOS.app/Frameworks/YPImagePicker.framework/YPImagePicker'>', hardenedRuntime='0'>'> to: /var/folders/f9/43m6gqpn5036x22077wf3d3h0000gn/T/XcodeDistPipeline.~~~CLpz9J/entitlements~~~9s2Cls
2023-03-26 07:12:01 +0000  Running /usr/bin/codesign '-vvv' '--force' '--sign' 'C76AB3E4C62A28300F352855C94FD138C12D794A' '--entitlements' '/var/folders/f9/43m6gqpn5036x22077wf3d3h0000gn/T/XcodeDistPipeline.~~~CLpz9J/entitlements~~~9s2Cls' '--generate-entitlement-der' '--preserve-metadata=identifier,flags,runtime' '/var/folders/f9/43m6gqpn5036x22077wf3d3h0000gn/T/XcodeDistPipeline.~~~CLpz9J/Root/Payload/KnockKnock-iOS.app/Frameworks/YPImagePicker.framework'
2023-03-26 07:12:01 +0000  /var/folders/f9/43m6gqpn5036x22077wf3d3h0000gn/T/XcodeDistPipeline.~~~CLpz9J/Root/Payload/KnockKnock-iOS.app/Frameworks/YPImagePicker.framework: replacing existing signature
2023-03-26 07:12:01 +0000  /var/folders/f9/43m6gqpn5036x22077wf3d3h0000gn/T/XcodeDistPipeline.~~~CLpz9J/Root/Payload/KnockKnock-iOS.app/Frameworks/YPImagePicker.framework: signed bundle with Mach-O thin (arm64) [org.cocoapods.YPImagePicker]
2023-03-26 07:12:01 +0000  /usr/bin/codesign exited with 0
2023-03-26 07:12:01 +0000  Entitlements for <IDEDistributionItem: 0x6000421c57a0; bundleID='com.apple.dt.runtime.swiftConcurrency', path='<DVTFilePath:0x60002eb43b80:'/Users/daye/Library/Developer/Xcode/Archives/2023-03-26/KnockKnock-iOS 2023-03-26 16.11.xcarchive/Products/Applications/KnockKnock-iOS.app/Frameworks/libswift_Concurrency.dylib'>', codeSigningInfo='<_DVTCodeSigningInformation_Path: 0x600062414690; isSigned='1', isAdHocSigned='0', signingCertificate='<DVTSigningCertificate: 0x60001b37d8c0; name='Apple Development: Dayea Yoon (3ZN47KS375)', hash='C76AB3E4C62A28300F352855C94FD138C12D794A', serialNumber='18EC3F4CF29CF27CA8ECB32255D9670D', certificateKinds='(
    "1.2.840.113635.100.6.1.12",
    "1.2.840.113635.100.6.1.2"
), issueDate='2022-09-03 11:06:19 +0000''>', entitlements='(null)', teamID='7YWVGV44MR', identifier='com.apple.dt.runtime.swiftConcurrency', executablePath='<DVTFilePath:0x60002eb43b80:'/Users/daye/Library/Developer/Xcode/Archives/2023-03-26/KnockKnock-iOS 2023-03-26 16.11.xcarchive/Products/Applications/KnockKnock-iOS.app/Frameworks/libswift_Concurrency.dylib'>', hardenedRuntime='0'>'>: {
}
2023-03-26 07:12:01 +0000  Entitlements for <IDEDistributionItem: 0x6000421c57a0; bundleID='com.apple.dt.runtime.swiftConcurrency', path='<DVTFilePath:0x60002eb43b80:'/Users/daye/Library/Developer/Xcode/Archives/2023-03-26/KnockKnock-iOS 2023-03-26 16.11.xcarchive/Products/Applications/KnockKnock-iOS.app/Frameworks/libswift_Concurrency.dylib'>', codeSigningInfo='<_DVTCodeSigningInformation_Path: 0x600062414690; isSigned='1', isAdHocSigned='0', signingCertificate='<DVTSigningCertificate: 0x60001b37eaa0; name='Apple Development: Dayea Yoon (3ZN47KS375)', hash='C76AB3E4C62A28300F352855C94FD138C12D794A', serialNumber='18EC3F4CF29CF27CA8ECB32255D9670D', certificateKinds='(
    "1.2.840.113635.100.6.1.12",
    "1.2.840.113635.100.6.1.2"
), issueDate='2022-09-03 11:06:19 +0000''>', entitlements='(null)', teamID='7YWVGV44MR', identifier='com.apple.dt.runtime.swiftConcurrency', executablePath='<DVTFilePath:0x60002eb43b80:'/Users/daye/Library/Developer/Xcode/Archives/2023-03-26/KnockKnock-iOS 2023-03-26 16.11.xcarchive/Products/Applications/KnockKnock-iOS.app/Frameworks/libswift_Concurrency.dylib'>', hardenedRuntime='0'>'> are: {
}
2023-03-26 07:12:01 +0000  Writing entitlements for <IDEDistributionItem: 0x6000421c57a0; bundleID='com.apple.dt.runtime.swiftConcurrency', path='<DVTFilePath:0x60002eb43b80:'/Users/daye/Library/Developer/Xcode/Archives/2023-03-26/KnockKnock-iOS 2023-03-26 16.11.xcarchive/Products/Applications/KnockKnock-iOS.app/Frameworks/libswift_Concurrency.dylib'>', codeSigningInfo='<_DVTCodeSigningInformation_Path: 0x600062414690; isSigned='1', isAdHocSigned='0', signingCertificate='<DVTSigningCertificate: 0x60001b37def0; name='Apple Development: Dayea Yoon (3ZN47KS375)', hash='C76AB3E4C62A28300F352855C94FD138C12D794A', serialNumber='18EC3F4CF29CF27CA8ECB32255D9670D', certificateKinds='(
    "1.2.840.113635.100.6.1.12",
    "1.2.840.113635.100.6.1.2"
), issueDate='2022-09-03 11:06:19 +0000''>', entitlements='(null)', teamID='7YWVGV44MR', identifier='com.apple.dt.runtime.swiftConcurrency', executablePath='<DVTFilePath:0x60002eb43b80:'/Users/daye/Library/Developer/Xcode/Archives/2023-03-26/KnockKnock-iOS 2023-03-26 16.11.xcarchive/Products/Applications/KnockKnock-iOS.app/Frameworks/libswift_Concurrency.dylib'>', hardenedRuntime='0'>'> to: /var/folders/f9/43m6gqpn5036x22077wf3d3h0000gn/T/XcodeDistPipeline.~~~CLpz9J/entitlements~~~OFkTRh
2023-03-26 07:12:01 +0000  Running /usr/bin/codesign '-vvv' '--force' '--sign' 'C76AB3E4C62A28300F352855C94FD138C12D794A' '--entitlements' '/var/folders/f9/43m6gqpn5036x22077wf3d3h0000gn/T/XcodeDistPipeline.~~~CLpz9J/entitlements~~~OFkTRh' '--generate-entitlement-der' '--preserve-metadata=identifier,flags,runtime' '/var/folders/f9/43m6gqpn5036x22077wf3d3h0000gn/T/XcodeDistPipeline.~~~CLpz9J/Root/Payload/KnockKnock-iOS.app/Frameworks/libswift_Concurrency.dylib'
2023-03-26 07:12:01 +0000  /var/folders/f9/43m6gqpn5036x22077wf3d3h0000gn/T/XcodeDistPipeline.~~~CLpz9J/Root/Payload/KnockKnock-iOS.app/Frameworks/libswift_Concurrency.dylib: replacing existing signature
2023-03-26 07:12:01 +0000  /var/folders/f9/43m6gqpn5036x22077wf3d3h0000gn/T/XcodeDistPipeline.~~~CLpz9J/Root/Payload/KnockKnock-iOS.app/Frameworks/libswift_Concurrency.dylib: signed Mach-O thin (arm64) [com.apple.dt.runtime.swiftConcurrency]
2023-03-26 07:12:01 +0000  /usr/bin/codesign exited with 0
2023-03-26 07:12:01 +0000  Entitlements for <IDEDistributionItem: 0x60004600b4e0; bundleID='jjong.KnockKnock-iOS', path='<DVTFilePath:0x60002ec38000:'/Users/daye/Library/Developer/Xcode/Archives/2023-03-26/KnockKnock-iOS 2023-03-26 16.11.xcarchive/Products/Applications/KnockKnock-iOS.app'>', codeSigningInfo='<_DVTCodeSigningInformation_Path: 0x600062414370; isSigned='1', isAdHocSigned='0', signingCertificate='<DVTSigningCertificate: 0x60001b356310; name='Apple Development: Dayea Yoon (3ZN47KS375)', hash='C76AB3E4C62A28300F352855C94FD138C12D794A', serialNumber='18EC3F4CF29CF27CA8ECB32255D9670D', certificateKinds='(
    "1.2.840.113635.100.6.1.12",
    "1.2.840.113635.100.6.1.2"
), issueDate='2022-09-03 11:06:19 +0000''>', entitlements='{
    "application-identifier" = "7YWVGV44MR.jjong.KnockKnock-iOS";
    "aps-environment" = development;
    "com.apple.developer.applesignin" =     (
        Default
    );
    "com.apple.developer.team-identifier" = 7YWVGV44MR;
    "get-task-allow" = 1;
}', teamID='7YWVGV44MR', identifier='jjong.KnockKnock-iOS', executablePath='<DVTFilePath:0x60002ef1dc00:'/Users/daye/Library/Developer/Xcode/Archives/2023-03-26/KnockKnock-iOS 2023-03-26 16.11.xcarchive/Products/Applications/KnockKnock-iOS.app/KnockKnock-iOS'>', hardenedRuntime='0'>'>: {
    "application-identifier" = "7YWVGV44MR.jjong.KnockKnock-iOS";
    "aps-environment" = development;
    "com.apple.developer.applesignin" =     (
        Default
    );
    "com.apple.developer.team-identifier" = 7YWVGV44MR;
    "get-task-allow" = 1;
}
2023-03-26 07:12:01 +0000  Entitlements for <IDEDistributionItem: 0x60004600b4e0; bundleID='jjong.KnockKnock-iOS', path='<DVTFilePath:0x60002ec38000:'/Users/daye/Library/Developer/Xcode/Archives/2023-03-26/KnockKnock-iOS 2023-03-26 16.11.xcarchive/Products/Applications/KnockKnock-iOS.app'>', codeSigningInfo='<_DVTCodeSigningInformation_Path: 0x600062414370; isSigned='1', isAdHocSigned='0', signingCertificate='<DVTSigningCertificate: 0x60001b357020; name='Apple Development: Dayea Yoon (3ZN47KS375)', hash='C76AB3E4C62A28300F352855C94FD138C12D794A', serialNumber='18EC3F4CF29CF27CA8ECB32255D9670D', certificateKinds='(
    "1.2.840.113635.100.6.1.12",
    "1.2.840.113635.100.6.1.2"
), issueDate='2022-09-03 11:06:19 +0000''>', entitlements='{
    "application-identifier" = "7YWVGV44MR.jjong.KnockKnock-iOS";
    "aps-environment" = development;
    "com.apple.developer.applesignin" =     (
        Default
    );
    "com.apple.developer.team-identifier" = 7YWVGV44MR;
    "get-task-allow" = 1;
}', teamID='7YWVGV44MR', identifier='jjong.KnockKnock-iOS', executablePath='<DVTFilePath:0x60002ef1dc00:'/Users/daye/Library/Developer/Xcode/Archives/2023-03-26/KnockKnock-iOS 2023-03-26 16.11.xcarchive/Products/Applications/KnockKnock-iOS.app/KnockKnock-iOS'>', hardenedRuntime='0'>'> are: {
    "application-identifier" = "7YWVGV44MR.jjong.KnockKnock-iOS";
    "aps-environment" = development;
    "com.apple.developer.applesignin" =     (
        Default
    );
    "com.apple.developer.team-identifier" = 7YWVGV44MR;
    "get-task-allow" = 1;
}
2023-03-26 07:12:01 +0000  Writing entitlements for <IDEDistributionItem: 0x60004600b4e0; bundleID='jjong.KnockKnock-iOS', path='<DVTFilePath:0x60002ec38000:'/Users/daye/Library/Developer/Xcode/Archives/2023-03-26/KnockKnock-iOS 2023-03-26 16.11.xcarchive/Products/Applications/KnockKnock-iOS.app'>', codeSigningInfo='<_DVTCodeSigningInformation_Path: 0x600062414370; isSigned='1', isAdHocSigned='0', signingCertificate='<DVTSigningCertificate: 0x60001b37d8c0; name='Apple Development: Dayea Yoon (3ZN47KS375)', hash='C76AB3E4C62A28300F352855C94FD138C12D794A', serialNumber='18EC3F4CF29CF27CA8ECB32255D9670D', certificateKinds='(
    "1.2.840.113635.100.6.1.12",
    "1.2.840.113635.100.6.1.2"
), issueDate='2022-09-03 11:06:19 +0000''>', entitlements='{
    "application-identifier" = "7YWVGV44MR.jjong.KnockKnock-iOS";
    "aps-environment" = development;
    "com.apple.developer.applesignin" =     (
        Default
    );
    "com.apple.developer.team-identifier" = 7YWVGV44MR;
    "get-task-allow" = 1;
}', teamID='7YWVGV44MR', identifier='jjong.KnockKnock-iOS', executablePath='<DVTFilePath:0x60002ef1dc00:'/Users/daye/Library/Developer/Xcode/Archives/2023-03-26/KnockKnock-iOS 2023-03-26 16.11.xcarchive/Products/Applications/KnockKnock-iOS.app/KnockKnock-iOS'>', hardenedRuntime='0'>'> to: /var/folders/f9/43m6gqpn5036x22077wf3d3h0000gn/T/XcodeDistPipeline.~~~CLpz9J/entitlements~~~joKMj4
2023-03-26 07:12:01 +0000  Running /usr/bin/codesign '-vvv' '--force' '--sign' 'C76AB3E4C62A28300F352855C94FD138C12D794A' '--entitlements' '/var/folders/f9/43m6gqpn5036x22077wf3d3h0000gn/T/XcodeDistPipeline.~~~CLpz9J/entitlements~~~joKMj4' '--generate-entitlement-der' '--preserve-metadata=identifier,flags,runtime' '/var/folders/f9/43m6gqpn5036x22077wf3d3h0000gn/T/XcodeDistPipeline.~~~CLpz9J/Root/Payload/KnockKnock-iOS.app'
2023-03-26 07:12:01 +0000  /var/folders/f9/43m6gqpn5036x22077wf3d3h0000gn/T/XcodeDistPipeline.~~~CLpz9J/Root/Payload/KnockKnock-iOS.app: replacing existing signature
2023-03-26 07:12:02 +0000  /var/folders/f9/43m6gqpn5036x22077wf3d3h0000gn/T/XcodeDistPipeline.~~~CLpz9J/Root/Payload/KnockKnock-iOS.app: signed app bundle with Mach-O thin (arm64) [jjong.KnockKnock-iOS]
2023-03-26 07:12:02 +0000  /usr/bin/codesign exited with 0
2023-03-26 07:12:02 +0000  Processing step: IDEDistributionZipODRItemStep
2023-03-26 07:12:02 +0000  Skipping step: IDEDistributionZipODRItemStep because it said so
2023-03-26 07:12:02 +0000  Skipping step: IDEDistributionZipODRItemStep because it said so
2023-03-26 07:12:02 +0000  Skipping step: IDEDistributionZipODRItemStep because it said so
2023-03-26 07:12:02 +0000  Skipping step: IDEDistributionZipODRItemStep because it said so
2023-03-26 07:12:02 +0000  Skipping step: IDEDistributionZipODRItemStep because it said so
2023-03-26 07:12:02 +0000  Skipping step: IDEDistributionZipODRItemStep because it said so
2023-03-26 07:12:02 +0000  Processing step: IDEDistributionCreateIPAStep
2023-03-26 07:12:02 +0000  Running /usr/bin/ditto '-V' '-c' '-k' '--norsrc' '/var/folders/f9/43m6gqpn5036x22077wf3d3h0000gn/T/XcodeDistPipeline.~~~CLpz9J/Root' '/var/folders/f9/43m6gqpn5036x22077wf3d3h0000gn/T/XcodeDistPipeline.~~~CLpz9J/Packages/KnockKnock-iOS.ipa'
2023-03-26 07:12:02 +0000  >>> Copying /var/folders/f9/43m6gqpn5036x22077wf3d3h0000gn/T/XcodeDistPipeline.~~~CLpz9J/Root 
2023-03-26 07:12:02 +0000  copying file ./Payload/KnockKnock-iOS.app/_CodeSignature/CodeResources ... 
2023-03-26 07:12:02 +0000  22071 bytes for ./Payload/KnockKnock-iOS.app/_CodeSignature/CodeResources
copying file ./Payload/KnockKnock-iOS.app/districts.json ... 
2023-03-26 07:12:02 +0000  3572 bytes for ./Payload/KnockKnock-iOS.app/districts.json
copying file ./Payload/KnockKnock-iOS.app/.swiftlint.yml ... 
2023-03-26 07:12:02 +0000  418 bytes for ./Payload/KnockKnock-iOS.app/.swiftlint.yml
copying file ./Payload/KnockKnock-iOS.app/AppIcon60x60@2x.png ... 
2023-03-26 07:12:02 +0000  5918 bytes for ./Payload/KnockKnock-iOS.app/AppIcon60x60@2x.png
copying file ./Payload/KnockKnock-iOS.app/GoogleService-Info.plist ... 
671 bytes for ./Payload/KnockKnock-iOS.app/GoogleService-Info.plist
2023-03-26 07:12:02 +0000  copying file ./Payload/KnockKnock-iOS.app/Base.lproj/LaunchScreen.storyboardc/01J-lp-oVM-view-Ze5-6b-2t3.nib ... 
2023-03-26 07:12:02 +0000  1644 bytes for ./Payload/KnockKnock-iOS.app/Base.lproj/LaunchScreen.storyboardc/01J-lp-oVM-view-Ze5-6b-2t3.nib
copying file ./Payload/KnockKnock-iOS.app/Base.lproj/LaunchScreen.storyboardc/UIViewController-01J-lp-oVM.nib ... 
2023-03-26 07:12:02 +0000  896 bytes for ./Payload/KnockKnock-iOS.app/Base.lproj/LaunchScreen.storyboardc/UIViewController-01J-lp-oVM.nib
copying file ./Payload/KnockKnock-iOS.app/Base.lproj/LaunchScreen.storyboardc/Info.plist ... 
2023-03-26 07:12:02 +0000  258 bytes for ./Payload/KnockKnock-iOS.app/Base.lproj/LaunchScreen.storyboardc/Info.plist
copying file ./Payload/KnockKnock-iOS.app/zero_waste_loading.json ... 
2023-03-26 07:12:02 +0000  3067 bytes for ./Payload/KnockKnock-iOS.app/zero_waste_loading.json
copying file ./Payload/KnockKnock-iOS.app/Assets.car ... 
2023-03-26 07:12:02 +0000  490895 bytes for ./Payload/KnockKnock-iOS.app/Assets.car
copying file ./Payload/KnockKnock-iOS.app/AppIcon76x76@2x~ipad.png ... 
2023-03-26 07:12:02 +0000  7409 bytes for ./Payload/KnockKnock-iOS.app/AppIcon76x76@2x~ipad.png
copying file ./Payload/KnockKnock-iOS.app/KnockKnock-iOS ... 
2023-03-26 07:12:02 +0000  6846864 bytes for ./Payload/KnockKnock-iOS.app/KnockKnock-iOS
copying file ./Payload/KnockKnock-iOS.app/zero_waste_done.json ... 
2023-03-26 07:12:02 +0000  6273 bytes for ./Payload/KnockKnock-iOS.app/zero_waste_done.json
copying file ./Payload/KnockKnock-iOS.app/Frameworks/Then.framework/_CodeSignature/CodeResources ... 
1798 bytes for ./Payload/KnockKnock-iOS.app/Frameworks/Then.framework/_CodeSignature/CodeResources
copying file ./Payload/KnockKnock-iOS.app/Frameworks/Then.framework/Then ... 
2023-03-26 07:12:02 +0000  104704 bytes for ./Payload/KnockKnock-iOS.app/Frameworks/Then.framework/Then
copying file ./Payload/KnockKnock-iOS.app/Frameworks/Then.framework/Info.plist ... 
2023-03-26 07:12:02 +0000  776 bytes for ./Payload/KnockKnock-iOS.app/Frameworks/Then.framework/Info.plist
copying file ./Payload/KnockKnock-iOS.app/Frameworks/libswift_Concurrency.dylib ... 
2023-03-26 07:12:02 +0000  559088 bytes for ./Payload/KnockKnock-iOS.app/Frameworks/libswift_Concurrency.dylib
2023-03-26 07:12:02 +0000  copying file ./Payload/KnockKnock-iOS.app/Frameworks/YPImagePicker.framework/de.lproj/YPImagePickerLocalizable.strings ... 
1127 bytes for ./Payload/KnockKnock-iOS.app/Frameworks/YPImagePicker.framework/de.lproj/YPImagePickerLocalizable.strings
2023-03-26 07:12:02 +0000  copying file ./Payload/KnockKnock-iOS.app/Frameworks/YPImagePicker.framework/_CodeSignature/CodeResources ... 
12826 bytes for ./Payload/KnockKnock-iOS.app/Frameworks/YPImagePicker.framework/_CodeSignature/CodeResources
2023-03-26 07:12:02 +0000  copying file ./Payload/KnockKnock-iOS.app/Frameworks/YPImagePicker.framework/ar.lproj/YPImagePickerLocalizable.strings ... 
1159 bytes for ./Payload/KnockKnock-iOS.app/Frameworks/YPImagePicker.framework/ar.lproj/YPImagePickerLocalizable.strings
2023-03-26 07:12:02 +0000  copying file ./Payload/KnockKnock-iOS.app/Frameworks/YPImagePicker.framework/zh-Hans.lproj/YPImagePickerLocalizable.strings ... 
974 bytes for ./Payload/KnockKnock-iOS.app/Frameworks/YPImagePicker.framework/zh-Hans.lproj/YPImagePickerLocalizable.strings
copying file ./Payload/KnockKnock-iOS.app/Frameworks/YPImagePicker.framework/ja.lproj/YPImagePickerLocalizable.strings ... 
2023-03-26 07:12:02 +0000  1145 bytes for ./Payload/KnockKnock-iOS.app/Frameworks/YPImagePicker.framework/ja.lproj/YPImagePickerLocalizable.strings
copying file ./Payload/KnockKnock-iOS.app/Frameworks/YPImagePicker.framework/fa.lproj/YPImagePickerLocalizable.strings ... 
2023-03-26 07:12:02 +0000  1198 bytes for ./Payload/KnockKnock-iOS.app/Frameworks/YPImagePicker.framework/fa.lproj/YPImagePickerLocalizable.strings
copying file ./Payload/KnockKnock-iOS.app/Frameworks/YPImagePicker.framework/en.lproj/YPImagePickerLocalizable.strings ... 
985 bytes for ./Payload/KnockKnock-iOS.app/Frameworks/YPImagePicker.framework/en.lproj/YPImagePickerLocalizable.strings
2023-03-26 07:12:02 +0000  copying file ./Payload/KnockKnock-iOS.app/Frameworks/YPImagePicker.framework/nb.lproj/YPImagePickerLocalizable.strings ... 
999 bytes for ./Payload/KnockKnock-iOS.app/Frameworks/YPImagePicker.framework/nb.lproj/YPImagePickerLocalizable.strings
copying file ./Payload/KnockKnock-iOS.app/Frameworks/YPImagePicker.framework/es.lproj/YPImagePickerLocalizable.strings ... 
2023-03-26 07:12:02 +0000  1064 bytes for ./Payload/KnockKnock-iOS.app/Frameworks/YPImagePicker.framework/es.lproj/YPImagePickerLocalizable.strings
2023-03-26 07:12:02 +0000  copying file ./Payload/KnockKnock-iOS.app/Frameworks/YPImagePicker.framework/da.lproj/YPImagePickerLocalizable.strings ... 
2023-03-26 07:12:02 +0000  1012 bytes for ./Payload/KnockKnock-iOS.app/Frameworks/YPImagePicker.framework/da.lproj/YPImagePickerLocalizable.strings
copying file ./Payload/KnockKnock-iOS.app/Frameworks/YPImagePicker.framework/it.lproj/YPImagePickerLocalizable.strings ... 
2023-03-26 07:12:02 +0000  1102 bytes for ./Payload/KnockKnock-iOS.app/Frameworks/YPImagePicker.framework/it.lproj/YPImagePickerLocalizable.strings
copying file ./Payload/KnockKnock-iOS.app/Frameworks/YPImagePicker.framework/bg.lproj/YPImagePickerLocalizable.strings ... 
2023-03-26 07:12:02 +0000  1296 bytes for ./Payload/KnockKnock-iOS.app/Frameworks/YPImagePicker.framework/bg.lproj/YPImagePickerLocalizable.strings
copying file ./Payload/KnockKnock-iOS.app/Frameworks/YPImagePicker.framework/sv.lproj/YPImagePickerLocalizable.strings ... 
994 bytes for ./Payload/KnockKnock-iOS.app/Frameworks/YPImagePicker.framework/sv.lproj/YPImagePickerLocalizable.strings
2023-03-26 07:12:02 +0000  copying file ./Payload/KnockKnock-iOS.app/Frameworks/YPImagePicker.framework/cs.lproj/YPImagePickerLocalizable.strings ... 
1078 bytes for ./Payload/KnockKnock-iOS.app/Frameworks/YPImagePicker.framework/cs.lproj/YPImagePickerLocalizable.strings
copying file ./Payload/KnockKnock-iOS.app/Frameworks/YPImagePicker.framework/km.lproj/YPImagePickerLocalizable.strings ... 
2023-03-26 07:12:02 +0000  1600 bytes for ./Payload/KnockKnock-iOS.app/Frameworks/YPImagePicker.framework/km.lproj/YPImagePickerLocalizable.strings
copying file ./Payload/KnockKnock-iOS.app/Frameworks/YPImagePicker.framework/ko.lproj/YPImagePickerLocalizable.strings ... 
2023-03-26 07:12:02 +0000  1114 bytes for ./Payload/KnockKnock-iOS.app/Frameworks/YPImagePicker.framework/ko.lproj/YPImagePickerLocalizable.strings
2023-03-26 07:12:02 +0000  copying file ./Payload/KnockKnock-iOS.app/Frameworks/YPImagePicker.framework/zh-Hant.lproj/YPImagePickerLocalizable.strings ... 
993 bytes for ./Payload/KnockKnock-iOS.app/Frameworks/YPImagePicker.framework/zh-Hant.lproj/YPImagePickerLocalizable.strings
2023-03-26 07:12:02 +0000  copying file ./Payload/KnockKnock-iOS.app/Frameworks/YPImagePicker.framework/km-KH.lproj/YPImagePickerLocalizable.strings ... 
1600 bytes for ./Payload/KnockKnock-iOS.app/Frameworks/YPImagePicker.framework/km-KH.lproj/YPImagePickerLocalizable.strings
2023-03-26 07:12:02 +0000  copying file ./Payload/KnockKnock-iOS.app/Frameworks/YPImagePicker.framework/Assets.car ... 
2023-03-26 07:12:02 +0000  347615 bytes for ./Payload/KnockKnock-iOS.app/Frameworks/YPImagePicker.framework/Assets.car
2023-03-26 07:12:02 +0000  copying file ./Payload/KnockKnock-iOS.app/Frameworks/YPImagePicker.framework/tr.lproj/YPImagePickerLocalizable.strings ... 
1070 bytes for ./Payload/KnockKnock-iOS.app/Frameworks/YPImagePicker.framework/tr.lproj/YPImagePickerLocalizable.strings
copying file ./Payload/KnockKnock-iOS.app/Frameworks/YPImagePicker.framework/pl.lproj/YPImagePickerLocalizable.strings ... 
2023-03-26 07:12:02 +0000  1020 bytes for ./Payload/KnockKnock-iOS.app/Frameworks/YPImagePicker.framework/pl.lproj/YPImagePickerLocalizable.strings
copying file ./Payload/KnockKnock-iOS.app/Frameworks/YPImagePicker.framework/pt-BR.lproj/YPImagePickerLocalizable.strings ... 
2023-03-26 07:12:02 +0000  1072 bytes for ./Payload/KnockKnock-iOS.app/Frameworks/YPImagePicker.framework/pt-BR.lproj/YPImagePickerLocalizable.strings
copying file ./Payload/KnockKnock-iOS.app/Frameworks/YPImagePicker.framework/vi.lproj/YPImagePickerLocalizable.strings ... 
1203 bytes for ./Payload/KnockKnock-iOS.app/Frameworks/YPImagePicker.framework/vi.lproj/YPImagePickerLocalizable.strings
2023-03-26 07:12:02 +0000  copying file ./Payload/KnockKnock-iOS.app/Frameworks/YPImagePicker.framework/ru.lproj/YPImagePickerLocalizable.strings ... 
1280 bytes for ./Payload/KnockKnock-iOS.app/Frameworks/YPImagePicker.framework/ru.lproj/YPImagePickerLocalizable.strings
copying file ./Payload/KnockKnock-iOS.app/Frameworks/YPImagePicker.framework/YPImagePicker ... 
2023-03-26 07:12:02 +0000  1632592 bytes for ./Payload/KnockKnock-iOS.app/Frameworks/YPImagePicker.framework/YPImagePicker
2023-03-26 07:12:02 +0000  copying file ./Payload/KnockKnock-iOS.app/Frameworks/YPImagePicker.framework/fr.lproj/YPImagePickerLocalizable.strings ... 
1171 bytes for ./Payload/KnockKnock-iOS.app/Frameworks/YPImagePicker.framework/fr.lproj/YPImagePickerLocalizable.strings
copying file ./Payload/KnockKnock-iOS.app/Frameworks/YPImagePicker.framework/id.lproj/YPImagePickerLocalizable.strings ... 
2023-03-26 07:12:02 +0000  1063 bytes for ./Payload/KnockKnock-iOS.app/Frameworks/YPImagePicker.framework/id.lproj/YPImagePickerLocalizable.strings
copying file ./Payload/KnockKnock-iOS.app/Frameworks/YPImagePicker.framework/nl.lproj/YPImagePickerLocalizable.strings ... 
2023-03-26 07:12:02 +0000  1138 bytes for ./Payload/KnockKnock-iOS.app/Frameworks/YPImagePicker.framework/nl.lproj/YPImagePickerLocalizable.strings
copying file ./Payload/KnockKnock-iOS.app/Frameworks/YPImagePicker.framework/th.lproj/YPImagePickerLocalizable.strings ... 
1589 bytes for ./Payload/KnockKnock-iOS.app/Frameworks/YPImagePicker.framework/th.lproj/YPImagePickerLocalizable.strings
copying file ./Payload/KnockKnock-iOS.app/Frameworks/YPImagePicker.framework/YPLibraryView.nib ... 
2023-03-26 07:12:02 +0000  3820 bytes for ./Payload/KnockKnock-iOS.app/Frameworks/YPImagePicker.framework/YPLibraryView.nib
2023-03-26 07:12:02 +0000  copying file ./Payload/KnockKnock-iOS.app/Frameworks/YPImagePicker.framework/pt-PT.lproj/YPImagePickerLocalizable.strings ... 
1081 bytes for ./Payload/KnockKnock-iOS.app/Frameworks/YPImagePicker.framework/pt-PT.lproj/YPImagePickerLocalizable.strings
copying file ./Payload/KnockKnock-iOS.app/Frameworks/YPImagePicker.framework/ro.lproj/YPImagePickerLocalizable.strings ... 
2023-03-26 07:12:02 +0000  1141 bytes for ./Payload/KnockKnock-iOS.app/Frameworks/YPImagePicker.framework/ro.lproj/YPImagePickerLocalizable.strings
copying file ./Payload/KnockKnock-iOS.app/Frameworks/YPImagePicker.framework/Info.plist ... 
2023-03-26 07:12:02 +0000  795 bytes for ./Payload/KnockKnock-iOS.app/Frameworks/YPImagePicker.framework/Info.plist
copying file ./Payload/KnockKnock-iOS.app/Frameworks/PryntTrimmerView.framework/_CodeSignature/CodeResources ... 
2023-03-26 07:12:02 +0000  1798 bytes for ./Payload/KnockKnock-iOS.app/Frameworks/PryntTrimmerView.framework/_CodeSignature/CodeResources
copying file ./Payload/KnockKnock-iOS.app/Frameworks/PryntTrimmerView.framework/PryntTrimmerView ... 
2023-03-26 07:12:02 +0000  274768 bytes for ./Payload/KnockKnock-iOS.app/Frameworks/PryntTrimmerView.framework/PryntTrimmerView
copying file ./Payload/KnockKnock-iOS.app/Frameworks/PryntTrimmerView.framework/Info.plist ... 
2023-03-26 07:12:02 +0000  802 bytes for ./Payload/KnockKnock-iOS.app/Frameworks/PryntTrimmerView.framework/Info.plist
copying file ./Payload/KnockKnock-iOS.app/Frameworks/Stevia.framework/_CodeSignature/CodeResources ... 
2023-03-26 07:12:02 +0000  1798 bytes for ./Payload/KnockKnock-iOS.app/Frameworks/Stevia.framework/_CodeSignature/CodeResources
copying file ./Payload/KnockKnock-iOS.app/Frameworks/Stevia.framework/Stevia ... 
2023-03-26 07:12:02 +0000  240736 bytes for ./Payload/KnockKnock-iOS.app/Frameworks/Stevia.framework/Stevia
copying file ./Payload/KnockKnock-iOS.app/Frameworks/Stevia.framework/Info.plist ... 
2023-03-26 07:12:02 +0000  778 bytes for ./Payload/KnockKnock-iOS.app/Frameworks/Stevia.framework/Info.plist
copying file ./Payload/KnockKnock-iOS.app/embedded.mobileprovision ... 
2023-03-26 07:12:02 +0000  17245 bytes for ./Payload/KnockKnock-iOS.app/embedded.mobileprovision
2023-03-26 07:12:02 +0000  copying file ./Payload/KnockKnock-iOS.app/KKDSKit_KKDSKit.bundle/Assets.car ... 
2023-03-26 07:12:02 +0000  19578496 bytes for ./Payload/KnockKnock-iOS.app/KKDSKit_KKDSKit.bundle/Assets.car
copying file ./Payload/KnockKnock-iOS.app/KKDSKit_KKDSKit.bundle/Info.plist ... 
2023-03-26 07:12:02 +0000  674 bytes for ./Payload/KnockKnock-iOS.app/KKDSKit_KKDSKit.bundle/Info.plist
copying file ./Payload/KnockKnock-iOS.app/Info.plist ... 
2102 bytes for ./Payload/KnockKnock-iOS.app/Info.plist
copying file ./Payload/KnockKnock-iOS.app/PkgInfo ... 
2023-03-26 07:12:02 +0000  8 bytes for ./Payload/KnockKnock-iOS.app/PkgInfo
2023-03-26 07:12:02 +0000  /usr/bin/ditto exited with 0
2023-03-26 07:12:02 +0000  Processing step: IDEDistributionAppStoreInformationStep
2023-03-26 07:12:02 +0000  Skipping step: IDEDistributionAppStoreInformationStep because it said so
2023-03-26 07:12:02 +0000  Processing step: IDEDistributionGenerateProcessedDistributionItems
2023-03-26 07:12:02 +0000  IDEDistributionItem init <DVTFilePath:0x60002eaf5280:'/var/folders/f9/43m6gqpn5036x22077wf3d3h0000gn/T/XcodeDistPipeline.~~~CLpz9J/Root/Payload/KnockKnock-iOS.app/Frameworks/libswift_Concurrency.dylib'>
2023-03-26 07:12:02 +0000  [OPTIONAL] Can't have a profile, not a bundle at <DVTFilePath:0x60002eaf5280:'/var/folders/f9/43m6gqpn5036x22077wf3d3h0000gn/T/XcodeDistPipeline.~~~CLpz9J/Root/Payload/KnockKnock-iOS.app/Frameworks/libswift_Concurrency.dylib'>
2023-03-26 07:12:02 +0000  IDEDistributionItem init <DVTFilePath:0x60002ef6b720:'/var/folders/f9/43m6gqpn5036x22077wf3d3h0000gn/T/XcodeDistPipeline.~~~CLpz9J/Root/Payload/KnockKnock-iOS.app/Frameworks/Then.framework'>
2023-03-26 07:12:02 +0000  IDEDistributionItem init <DVTFilePath:0x60002ef68cb0:'/var/folders/f9/43m6gqpn5036x22077wf3d3h0000gn/T/XcodeDistPipeline.~~~CLpz9J/Root/Payload/KnockKnock-iOS.app/Frameworks/Stevia.framework'>
2023-03-26 07:12:02 +0000  IDEDistributionItem init <DVTFilePath:0x60002ef68c40:'/var/folders/f9/43m6gqpn5036x22077wf3d3h0000gn/T/XcodeDistPipeline.~~~CLpz9J/Root/Payload/KnockKnock-iOS.app/Frameworks/YPImagePicker.framework'>
2023-03-26 07:12:02 +0000  IDEDistributionItem init <DVTFilePath:0x60002eaf5200:'/var/folders/f9/43m6gqpn5036x22077wf3d3h0000gn/T/XcodeDistPipeline.~~~CLpz9J/Root/Payload/KnockKnock-iOS.app/Frameworks/PryntTrimmerView.framework'>
2023-03-26 07:12:02 +0000  IDEDistributionItem init <DVTFilePath:0x60002ef688c0:'/var/folders/f9/43m6gqpn5036x22077wf3d3h0000gn/T/XcodeDistPipeline.~~~CLpz9J/Root/Payload/KnockKnock-iOS.app'>
2023-03-26 07:12:02 +0000  Processing step: IDEDistributionCreateManifestStep
